<?xml version="1.0" encoding="UTF-8"?>
<testsuite name="org.apache.calcite.linq4j.test.OptimizerTest" time="0.009" tests="80" errors="0" skipped="0" failures="0">
  <properties>
    <property name="idea.version" value="15.0.1"/>
    <property name="java.runtime.name" value="OpenJDK Runtime Environment"/>
    <property name="sun.boot.library.path" value="/usr/lib/jvm/java-1.8.0-openjdk-1.8.0.65-4.b17.fc23.x86_64/jre/lib/amd64"/>
    <property name="java.vm.version" value="25.65-b01"/>
    <property name="java.vm.vendor" value="Oracle Corporation"/>
    <property name="java.vendor.url" value="http://java.oracle.com/"/>
    <property name="path.separator" value=":"/>
    <property name="guice.disable.misplaced.annotation.check" value="true"/>
    <property name="java.vm.name" value="OpenJDK 64-Bit Server VM"/>
    <property name="file.encoding.pkg" value="sun.io"/>
    <property name="idea.launcher.port" value="7533"/>
    <property name="user.country" value="KR"/>
    <property name="sun.java.launcher" value="SUN_STANDARD"/>
    <property name="sun.os.patch.level" value="unknown"/>
    <property name="java.vm.specification.name" value="Java Virtual Machine Specification"/>
    <property name="user.dir" value="/home/bylee/calcite-elasticsearch"/>
    <property name="java.runtime.version" value="1.8.0_65-b17"/>
    <property name="java.awt.graphicsenv" value="sun.awt.X11GraphicsEnvironment"/>
    <property name="java.endorsed.dirs" value="/usr/lib/jvm/java-1.8.0-openjdk-1.8.0.65-4.b17.fc23.x86_64/jre/lib/endorsed"/>
    <property name="os.arch" value="amd64"/>
    <property name="java.io.tmpdir" value="/tmp"/>
    <property name="line.separator" value="&#10;"/>
    <property name="java.vm.specification.vendor" value="Oracle Corporation"/>
    <property name="os.name" value="Linux"/>
    <property name="classworlds.conf" value="/home/bylee/idea-IC-143.382.35/plugins/maven/lib/maven3/bin/m2.conf"/>
    <property name="sun.jnu.encoding" value="UTF-8"/>
    <property name="java.library.path" value=".::/usr/java/packages/lib/amd64:/usr/lib64:/lib64:/lib:/usr/lib"/>
    <property name="java.specification.name" value="Java Platform API Specification"/>
    <property name="java.class.version" value="52.0"/>
    <property name="sun.management.compiler" value="HotSpot 64-Bit Tiered Compilers"/>
    <property name="os.version" value="4.2.3-300.fc23.x86_64"/>
    <property name="user.home" value="/home/bylee"/>
    <property name="user.timezone" value="Asia/Seoul"/>
    <property name="java.awt.printerjob" value="sun.print.PSPrinterJob"/>
    <property name="java.specification.version" value="1.8"/>
    <property name="idea.launcher.bin.path" value="/home/bylee/idea-IC-143.382.35/bin"/>
    <property name="file.encoding" value="UTF-8"/>
    <property name="user.name" value="bylee"/>
    <property name="java.class.path" value="/home/bylee/idea-IC-143.382.35/plugins/maven/lib/maven3/boot/plexus-classworlds-2.4.jar:/home/bylee/idea-IC-143.382.35/lib/idea_rt.jar"/>
    <property name="java.vm.specification.version" value="1.8"/>
    <property name="sun.arch.data.model" value="64"/>
    <property name="java.home" value="/usr/lib/jvm/java-1.8.0-openjdk-1.8.0.65-4.b17.fc23.x86_64/jre"/>
    <property name="sun.java.command" value="com.intellij.rt.execution.application.AppMain org.codehaus.classworlds.Launcher -Didea.version=15.0.1 package"/>
    <property name="java.specification.vendor" value="Oracle Corporation"/>
    <property name="user.language" value="ko"/>
    <property name="awt.toolkit" value="sun.awt.X11.XToolkit"/>
    <property name="java.vm.info" value="mixed mode"/>
    <property name="java.version" value="1.8.0_65"/>
    <property name="java.ext.dirs" value="/usr/lib/jvm/java-1.8.0-openjdk-1.8.0.65-4.b17.fc23.x86_64/jre/lib/ext:/usr/java/packages/lib/ext"/>
    <property name="securerandom.source" value="file:/dev/./urandom"/>
    <property name="sun.boot.class.path" value="/usr/lib/jvm/java-1.8.0-openjdk-1.8.0.65-4.b17.fc23.x86_64/jre/lib/resources.jar:/usr/lib/jvm/java-1.8.0-openjdk-1.8.0.65-4.b17.fc23.x86_64/jre/lib/rt.jar:/usr/lib/jvm/java-1.8.0-openjdk-1.8.0.65-4.b17.fc23.x86_64/jre/lib/sunrsasign.jar:/usr/lib/jvm/java-1.8.0-openjdk-1.8.0.65-4.b17.fc23.x86_64/jre/lib/jsse.jar:/usr/lib/jvm/java-1.8.0-openjdk-1.8.0.65-4.b17.fc23.x86_64/jre/lib/jce.jar:/usr/lib/jvm/java-1.8.0-openjdk-1.8.0.65-4.b17.fc23.x86_64/jre/lib/charsets.jar:/usr/lib/jvm/java-1.8.0-openjdk-1.8.0.65-4.b17.fc23.x86_64/jre/lib/jfr.jar:/usr/lib/jvm/java-1.8.0-openjdk-1.8.0.65-4.b17.fc23.x86_64/jre/classes"/>
    <property name="java.vendor" value="Oracle Corporation"/>
    <property name="maven.home" value="/home/bylee/idea-IC-143.382.35/plugins/maven/lib/maven3"/>
    <property name="file.separator" value="/"/>
    <property name="java.vendor.url.bug" value="http://bugreport.sun.com/bugreport/"/>
    <property name="sun.cpu.endian" value="little"/>
    <property name="sun.io.unicode.encoding" value="UnicodeLittle"/>
    <property name="sun.desktop" value="gnome"/>
    <property name="sun.cpu.isalist" value=""/>
  </properties>
  <testcase name="testAndAlsoBoolTrue" classname="org.apache.calcite.linq4j.test.OptimizerTest" time="0"/>
  <testcase name="testConditionalIfTrue" classname="org.apache.calcite.linq4j.test.OptimizerTest" time="0"/>
  <testcase name="testNotEqualPrimitiveNull" classname="org.apache.calcite.linq4j.test.OptimizerTest" time="0"/>
  <testcase name="testEqualTypedNullUntypedNull" classname="org.apache.calcite.linq4j.test.OptimizerTest" time="0"/>
  <testcase name="testNotFalse" classname="org.apache.calcite.linq4j.test.OptimizerTest" time="0"/>
  <testcase name="testOptimizeTernaryAlwaysSame" classname="org.apache.calcite.linq4j.test.OptimizerTest" time="0.003"/>
  <testcase name="testOptimizeTernaryAlwaysTrue" classname="org.apache.calcite.linq4j.test.OptimizerTest" time="0"/>
  <testcase name="testOrElseNullBool" classname="org.apache.calcite.linq4j.test.OptimizerTest" time="0"/>
  <testcase name="testEqualObjectNull" classname="org.apache.calcite.linq4j.test.OptimizerTest" time="0.001"/>
  <testcase name="testEqualSameExpr" classname="org.apache.calcite.linq4j.test.OptimizerTest" time="0"/>
  <testcase name="testEqualBoolTrue" classname="org.apache.calcite.linq4j.test.OptimizerTest" time="0"/>
  <testcase name="testOptimizeTernaryAtrueNull" classname="org.apache.calcite.linq4j.test.OptimizerTest" time="0"/>
  <testcase name="testAndAlsoNullBool" classname="org.apache.calcite.linq4j.test.OptimizerTest" time="0"/>
  <testcase name="testNotEqualObjectNull" classname="org.apache.calcite.linq4j.test.OptimizerTest" time="0"/>
  <testcase name="testEqualPrimitiveNull" classname="org.apache.calcite.linq4j.test.OptimizerTest" time="0"/>
  <testcase name="testOptimizeTernaryRotateEqualFalse" classname="org.apache.calcite.linq4j.test.OptimizerTest" time="0.001"/>
  <testcase name="testNotEqualDifferentExpr" classname="org.apache.calcite.linq4j.test.OptimizerTest" time="0"/>
  <testcase name="testCastIntToLong" classname="org.apache.calcite.linq4j.test.OptimizerTest" time="0"/>
  <testcase name="testOptimizeTernaryInEqualABCneqB" classname="org.apache.calcite.linq4j.test.OptimizerTest" time="0"/>
  <testcase name="testOptimizeTernaryInEqualABCneqC" classname="org.apache.calcite.linq4j.test.OptimizerTest" time="0"/>
  <testcase name="testOptimizeTernaryRotateNot" classname="org.apache.calcite.linq4j.test.OptimizerTest" time="0"/>
  <testcase name="testAndAlsoFalseBool" classname="org.apache.calcite.linq4j.test.OptimizerTest" time="0"/>
  <testcase name="testCastIntToInt" classname="org.apache.calcite.linq4j.test.OptimizerTest" time="0"/>
  <testcase name="testNotEq" classname="org.apache.calcite.linq4j.test.OptimizerTest" time="0"/>
  <testcase name="testNotGt" classname="org.apache.calcite.linq4j.test.OptimizerTest" time="0"/>
  <testcase name="testNotLt" classname="org.apache.calcite.linq4j.test.OptimizerTest" time="0"/>
  <testcase name="testEqualSameConst" classname="org.apache.calcite.linq4j.test.OptimizerTest" time="0"/>
  <testcase name="testEqualDifferentExpr" classname="org.apache.calcite.linq4j.test.OptimizerTest" time="0"/>
  <testcase name="testNotEqualBoolFalse" classname="org.apache.calcite.linq4j.test.OptimizerTest" time="0"/>
  <testcase name="testAssign2" classname="org.apache.calcite.linq4j.test.OptimizerTest" time="0.001"/>
  <testcase name="booleanValueOfTrue" classname="org.apache.calcite.linq4j.test.OptimizerTest" time="0"/>
  <testcase name="testNotEqualDifferentConst" classname="org.apache.calcite.linq4j.test.OptimizerTest" time="0.001"/>
  <testcase name="testConditionalIfFalse" classname="org.apache.calcite.linq4j.test.OptimizerTest" time="0"/>
  <testcase name="testOptimizeComparison" classname="org.apache.calcite.linq4j.test.OptimizerTest" time="0"/>
  <testcase name="testEqualDifferentConst" classname="org.apache.calcite.linq4j.test.OptimizerTest" time="0"/>
  <testcase name="testOptimizeTernaryABtrue" classname="org.apache.calcite.linq4j.test.OptimizerTest" time="0"/>
  <testcase name="testCastIntToShort" classname="org.apache.calcite.linq4j.test.OptimizerTest" time="0"/>
  <testcase name="testOptimizeTernaryAeqBAB" classname="org.apache.calcite.linq4j.test.OptimizerTest" time="0"/>
  <testcase name="testOptimizeTernaryAeqBBA" classname="org.apache.calcite.linq4j.test.OptimizerTest" time="0"/>
  <testcase name="testOptimizeTernaryAtrueB" classname="org.apache.calcite.linq4j.test.OptimizerTest" time="0"/>
  <testcase name="testEqualStringNull" classname="org.apache.calcite.linq4j.test.OptimizerTest" time="0"/>
  <testcase name="testConditionalIfTrueElse" classname="org.apache.calcite.linq4j.test.OptimizerTest" time="0"/>
  <testcase name="testOptimizeTernaryInEqualABCeqB" classname="org.apache.calcite.linq4j.test.OptimizerTest" time="0"/>
  <testcase name="testOptimizeTernaryInEqualABCeqC" classname="org.apache.calcite.linq4j.test.OptimizerTest" time="0"/>
  <testcase name="testEqualUnypedNullTypedNull" classname="org.apache.calcite.linq4j.test.OptimizerTest" time="0"/>
  <testcase name="testNotEqualStringNull" classname="org.apache.calcite.linq4j.test.OptimizerTest" time="0"/>
  <testcase name="testEqualBoolFalse" classname="org.apache.calcite.linq4j.test.OptimizerTest" time="0"/>
  <testcase name="testBooleanValueOfFalse" classname="org.apache.calcite.linq4j.test.OptimizerTest" time="0"/>
  <testcase name="testOptimizeTernaryABfalse" classname="org.apache.calcite.linq4j.test.OptimizerTest" time="0.001"/>
  <testcase name="testAndAlsoXX" classname="org.apache.calcite.linq4j.test.OptimizerTest" time="0"/>
  <testcase name="testAndAlsoXY" classname="org.apache.calcite.linq4j.test.OptimizerTest" time="0"/>
  <testcase name="testNotEqualUnypedNullTypedNull" classname="org.apache.calcite.linq4j.test.OptimizerTest" time="0"/>
  <testcase name="testOptimizeTernaryAtrueBoxed" classname="org.apache.calcite.linq4j.test.OptimizerTest" time="0"/>
  <testcase name="testConditionalIfBoolFalseElse" classname="org.apache.calcite.linq4j.test.OptimizerTest" time="0"/>
  <testcase name="testConditionalIfBoolFalseTrue" classname="org.apache.calcite.linq4j.test.OptimizerTest" time="0"/>
  <testcase name="testOrElseXX" classname="org.apache.calcite.linq4j.test.OptimizerTest" time="0"/>
  <testcase name="testOrElseXY" classname="org.apache.calcite.linq4j.test.OptimizerTest" time="0"/>
  <testcase name="testConditionalIfBoolTrueElse" classname="org.apache.calcite.linq4j.test.OptimizerTest" time="0.001"/>
  <testcase name="testNotEqualTypedNullUntypedNull" classname="org.apache.calcite.linq4j.test.OptimizerTest" time="0"/>
  <testcase name="testConditionalIfBoolTrue" classname="org.apache.calcite.linq4j.test.OptimizerTest" time="0"/>
  <testcase name="testMultipleFolding" classname="org.apache.calcite.linq4j.test.OptimizerTest" time="0"/>
  <testcase name="testAssign" classname="org.apache.calcite.linq4j.test.OptimizerTest" time="0"/>
  <testcase name="testNotEqualSameExpr" classname="org.apache.calcite.linq4j.test.OptimizerTest" time="0"/>
  <testcase name="testOrElseFalseBool" classname="org.apache.calcite.linq4j.test.OptimizerTest" time="0"/>
  <testcase name="testNotEqualBoolTrue" classname="org.apache.calcite.linq4j.test.OptimizerTest" time="0"/>
  <testcase name="testOptimizeTernaryAfalseB" classname="org.apache.calcite.linq4j.test.OptimizerTest" time="0"/>
  <testcase name="testNotGte" classname="org.apache.calcite.linq4j.test.OptimizerTest" time="0"/>
  <testcase name="testNotLte" classname="org.apache.calcite.linq4j.test.OptimizerTest" time="0"/>
  <testcase name="testNotNeq" classname="org.apache.calcite.linq4j.test.OptimizerTest" time="0"/>
  <testcase name="testOptimizeTernaryAneqBAB" classname="org.apache.calcite.linq4j.test.OptimizerTest" time="0"/>
  <testcase name="testOptimizeTernaryAneqBBA" classname="org.apache.calcite.linq4j.test.OptimizerTest" time="0"/>
  <testcase name="testNotNotA" classname="org.apache.calcite.linq4j.test.OptimizerTest" time="0"/>
  <testcase name="testNotTrue" classname="org.apache.calcite.linq4j.test.OptimizerTest" time="0"/>
  <testcase name="testConditionalIfBoolFalse" classname="org.apache.calcite.linq4j.test.OptimizerTest" time="0"/>
  <testcase name="testOrElseTrueBool" classname="org.apache.calcite.linq4j.test.OptimizerTest" time="0"/>
  <testcase name="testNotEqualSameConst" classname="org.apache.calcite.linq4j.test.OptimizerTest" time="0"/>
  <testcase name="testNonOptimizableTernary" classname="org.apache.calcite.linq4j.test.OptimizerTest" time="0"/>
  <testcase name="testAndAlsoTrueBool" classname="org.apache.calcite.linq4j.test.OptimizerTest" time="0"/>
  <testcase name="testConditionalIfFalseElse" classname="org.apache.calcite.linq4j.test.OptimizerTest" time="0"/>
  <testcase name="testOptimizeTernaryAlwaysFalse" classname="org.apache.calcite.linq4j.test.OptimizerTest" time="0"/>
</testsuite>