<?xml version="1.0" encoding="UTF-8"?>
<testsuite name="org.apache.calcite.linq4j.test.Linq4jTest" time="0.178" tests="115" errors="0" skipped="0" failures="0">
  <properties>
    <property name="idea.version" value="15.0.1"/>
    <property name="java.runtime.name" value="OpenJDK Runtime Environment"/>
    <property name="sun.boot.library.path" value="/usr/lib/jvm/java-1.8.0-openjdk-1.8.0.65-4.b17.fc23.x86_64/jre/lib/amd64"/>
    <property name="java.vm.version" value="25.65-b01"/>
    <property name="java.vm.vendor" value="Oracle Corporation"/>
    <property name="java.vendor.url" value="http://java.oracle.com/"/>
    <property name="path.separator" value=":"/>
    <property name="guice.disable.misplaced.annotation.check" value="true"/>
    <property name="java.vm.name" value="OpenJDK 64-Bit Server VM"/>
    <property name="file.encoding.pkg" value="sun.io"/>
    <property name="idea.launcher.port" value="7533"/>
    <property name="user.country" value="KR"/>
    <property name="sun.java.launcher" value="SUN_STANDARD"/>
    <property name="sun.os.patch.level" value="unknown"/>
    <property name="java.vm.specification.name" value="Java Virtual Machine Specification"/>
    <property name="user.dir" value="/home/bylee/calcite-elasticsearch"/>
    <property name="java.runtime.version" value="1.8.0_65-b17"/>
    <property name="java.awt.graphicsenv" value="sun.awt.X11GraphicsEnvironment"/>
    <property name="java.endorsed.dirs" value="/usr/lib/jvm/java-1.8.0-openjdk-1.8.0.65-4.b17.fc23.x86_64/jre/lib/endorsed"/>
    <property name="os.arch" value="amd64"/>
    <property name="java.io.tmpdir" value="/tmp"/>
    <property name="line.separator" value="&#10;"/>
    <property name="java.vm.specification.vendor" value="Oracle Corporation"/>
    <property name="os.name" value="Linux"/>
    <property name="classworlds.conf" value="/home/bylee/idea-IC-143.382.35/plugins/maven/lib/maven3/bin/m2.conf"/>
    <property name="sun.jnu.encoding" value="UTF-8"/>
    <property name="java.library.path" value=".::/usr/java/packages/lib/amd64:/usr/lib64:/lib64:/lib:/usr/lib"/>
    <property name="java.specification.name" value="Java Platform API Specification"/>
    <property name="java.class.version" value="52.0"/>
    <property name="sun.management.compiler" value="HotSpot 64-Bit Tiered Compilers"/>
    <property name="os.version" value="4.2.3-300.fc23.x86_64"/>
    <property name="user.home" value="/home/bylee"/>
    <property name="user.timezone" value="Asia/Seoul"/>
    <property name="java.awt.printerjob" value="sun.print.PSPrinterJob"/>
    <property name="java.specification.version" value="1.8"/>
    <property name="idea.launcher.bin.path" value="/home/bylee/idea-IC-143.382.35/bin"/>
    <property name="file.encoding" value="UTF-8"/>
    <property name="user.name" value="bylee"/>
    <property name="java.class.path" value="/home/bylee/idea-IC-143.382.35/plugins/maven/lib/maven3/boot/plexus-classworlds-2.4.jar:/home/bylee/idea-IC-143.382.35/lib/idea_rt.jar"/>
    <property name="java.vm.specification.version" value="1.8"/>
    <property name="sun.arch.data.model" value="64"/>
    <property name="java.home" value="/usr/lib/jvm/java-1.8.0-openjdk-1.8.0.65-4.b17.fc23.x86_64/jre"/>
    <property name="sun.java.command" value="com.intellij.rt.execution.application.AppMain org.codehaus.classworlds.Launcher -Didea.version=15.0.1 package"/>
    <property name="java.specification.vendor" value="Oracle Corporation"/>
    <property name="user.language" value="ko"/>
    <property name="awt.toolkit" value="sun.awt.X11.XToolkit"/>
    <property name="java.vm.info" value="mixed mode"/>
    <property name="java.version" value="1.8.0_65"/>
    <property name="java.ext.dirs" value="/usr/lib/jvm/java-1.8.0-openjdk-1.8.0.65-4.b17.fc23.x86_64/jre/lib/ext:/usr/java/packages/lib/ext"/>
    <property name="securerandom.source" value="file:/dev/./urandom"/>
    <property name="sun.boot.class.path" value="/usr/lib/jvm/java-1.8.0-openjdk-1.8.0.65-4.b17.fc23.x86_64/jre/lib/resources.jar:/usr/lib/jvm/java-1.8.0-openjdk-1.8.0.65-4.b17.fc23.x86_64/jre/lib/rt.jar:/usr/lib/jvm/java-1.8.0-openjdk-1.8.0.65-4.b17.fc23.x86_64/jre/lib/sunrsasign.jar:/usr/lib/jvm/java-1.8.0-openjdk-1.8.0.65-4.b17.fc23.x86_64/jre/lib/jsse.jar:/usr/lib/jvm/java-1.8.0-openjdk-1.8.0.65-4.b17.fc23.x86_64/jre/lib/jce.jar:/usr/lib/jvm/java-1.8.0-openjdk-1.8.0.65-4.b17.fc23.x86_64/jre/lib/charsets.jar:/usr/lib/jvm/java-1.8.0-openjdk-1.8.0.65-4.b17.fc23.x86_64/jre/lib/jfr.jar:/usr/lib/jvm/java-1.8.0-openjdk-1.8.0.65-4.b17.fc23.x86_64/jre/classes"/>
    <property name="java.vendor" value="Oracle Corporation"/>
    <property name="maven.home" value="/home/bylee/idea-IC-143.382.35/plugins/maven/lib/maven3"/>
    <property name="file.separator" value="/"/>
    <property name="java.vendor.url.bug" value="http://bugreport.sun.com/bugreport/"/>
    <property name="sun.cpu.endian" value="little"/>
    <property name="sun.io.unicode.encoding" value="UnicodeLittle"/>
    <property name="sun.desktop" value="gnome"/>
    <property name="sun.cpu.isalist" value=""/>
  </properties>
  <testcase name="testSingleOrDefault" classname="org.apache.calcite.linq4j.test.Linq4jTest" time="0.017"/>
  <testcase name="testSingleOrDefaultPredicate1" classname="org.apache.calcite.linq4j.test.Linq4jTest" time="0.012"/>
  <testcase name="testMaxSelector2" classname="org.apache.calcite.linq4j.test.Linq4jTest" time="0.017"/>
  <testcase name="testTakeEnumerableGreaterThanLength" classname="org.apache.calcite.linq4j.test.Linq4jTest" time="0.001"/>
  <testcase name="testWhereIndexed" classname="org.apache.calcite.linq4j.test.Linq4jTest" time="0.005"/>
  <testcase name="testSingletonNullEnumerator" classname="org.apache.calcite.linq4j.test.Linq4jTest" time="0.002"/>
  <testcase name="testGroupByWithKeySelectorAndElementSelectorAndResultSelector" classname="org.apache.calcite.linq4j.test.Linq4jTest" time="0.007"/>
  <testcase name="testLeftJoin" classname="org.apache.calcite.linq4j.test.Linq4jTest" time="0.007"/>
  <testcase name="testDefaultIfEmpty" classname="org.apache.calcite.linq4j.test.Linq4jTest" time="0.002"/>
  <testcase name="testFirstOrDefaultPredicate1" classname="org.apache.calcite.linq4j.test.Linq4jTest" time="0.001"/>
  <testcase name="testDefaultIfEmpty2" classname="org.apache.calcite.linq4j.test.Linq4jTest" time="0.001"/>
  <testcase name="testGroupByWithKeySelectorAndResultSelector" classname="org.apache.calcite.linq4j.test.Linq4jTest" time="0.002"/>
  <testcase name="testMaxSelector" classname="org.apache.calcite.linq4j.test.Linq4jTest" time="0"/>
  <testcase name="testTakeWhileN" classname="org.apache.calcite.linq4j.test.Linq4jTest" time="0.019"/>
  <testcase name="testExample" classname="org.apache.calcite.linq4j.test.Linq4jTest" time="0.002"/>
  <testcase name="testApproxConstant" classname="org.apache.calcite.linq4j.test.Linq4jTest" time="0.017"/>
  <testcase name="testElementAtWithoutList" classname="org.apache.calcite.linq4j.test.Linq4jTest" time="0"/>
  <testcase name="testTakeWhileEnumerableFunction" classname="org.apache.calcite.linq4j.test.Linq4jTest" time="0"/>
  <testcase name="testMinSelector2" classname="org.apache.calcite.linq4j.test.Linq4jTest" time="0"/>
  <testcase name="testIterableCast" classname="org.apache.calcite.linq4j.test.Linq4jTest" time="0.001"/>
  <testcase name="testOrderBy" classname="org.apache.calcite.linq4j.test.Linq4jTest" time="0.002"/>
  <testcase name="testTakeEnumerable" classname="org.apache.calcite.linq4j.test.Linq4jTest" time="0"/>
  <testcase name="testGroupByWithKeySelectorAndComparer" classname="org.apache.calcite.linq4j.test.Linq4jTest" time="0.001"/>
  <testcase name="testTransformEnumerator" classname="org.apache.calcite.linq4j.test.Linq4jTest" time="0.001"/>
  <testcase name="testAny" classname="org.apache.calcite.linq4j.test.Linq4jTest" time="0"/>
  <testcase name="testMax" classname="org.apache.calcite.linq4j.test.Linq4jTest" time="0"/>
  <testcase name="testMin" classname="org.apache.calcite.linq4j.test.Linq4jTest" time="0"/>
  <testcase name="testZip" classname="org.apache.calcite.linq4j.test.Linq4jTest" time="0.003"/>
  <testcase name="testSequenceEqualWithoutCollection" classname="org.apache.calcite.linq4j.test.Linq4jTest" time="0.002"/>
  <testcase name="testSinglePredicate1" classname="org.apache.calcite.linq4j.test.Linq4jTest" time="0"/>
  <testcase name="testSingletonEnumerable" classname="org.apache.calcite.linq4j.test.Linq4jTest" time="0"/>
  <testcase name="testSingletonEnumerator" classname="org.apache.calcite.linq4j.test.Linq4jTest" time="0.001"/>
  <testcase name="testToLookup" classname="org.apache.calcite.linq4j.test.Linq4jTest" time="0"/>
  <testcase name="testCount" classname="org.apache.calcite.linq4j.test.Linq4jTest" time="0"/>
  <testcase name="testFirst" classname="org.apache.calcite.linq4j.test.Linq4jTest" time="0.001"/>
  <testcase name="testList0" classname="org.apache.calcite.linq4j.test.Linq4jTest" time="0"/>
  <testcase name="testList2" classname="org.apache.calcite.linq4j.test.Linq4jTest" time="0.005"/>
  <testcase name="testToMap" classname="org.apache.calcite.linq4j.test.Linq4jTest" time="0"/>
  <testcase name="testUnion" classname="org.apache.calcite.linq4j.test.Linq4jTest" time="0.001"/>
  <testcase name="testGroupByWithKeySelectorAndResultSelectorAndComparer" classname="org.apache.calcite.linq4j.test.Linq4jTest" time="0.002"/>
  <testcase name="testWhere" classname="org.apache.calcite.linq4j.test.Linq4jTest" time="0"/>
  <testcase name="testCast" classname="org.apache.calcite.linq4j.test.Linq4jTest" time="0"/>
  <testcase name="testJoin" classname="org.apache.calcite.linq4j.test.Linq4jTest" time="0.001"/>
  <testcase name="testLast" classname="org.apache.calcite.linq4j.test.Linq4jTest" time="0"/>
  <testcase name="testList" classname="org.apache.calcite.linq4j.test.Linq4jTest" time="0.001"/>
  <testcase name="testSkip" classname="org.apache.calcite.linq4j.test.Linq4jTest" time="0.001"/>
  <testcase name="testTake" classname="org.apache.calcite.linq4j.test.Linq4jTest" time="0.002"/>
  <testcase name="testSelectManyWithResultSelector" classname="org.apache.calcite.linq4j.test.Linq4jTest" time="0.002"/>
  <testcase name="testAnyPredicate" classname="org.apache.calcite.linq4j.test.Linq4jTest" time="0"/>
  <testcase name="testLastWithPredicate" classname="org.apache.calcite.linq4j.test.Linq4jTest" time="0"/>
  <testcase name="testToLookupSelector" classname="org.apache.calcite.linq4j.test.Linq4jTest" time="0.003"/>
  <testcase name="testElementAtOrDefault" classname="org.apache.calcite.linq4j.test.Linq4jTest" time="0"/>
  <testcase name="testElementAtOrDefaultWithoutList" classname="org.apache.calcite.linq4j.test.Linq4jTest" time="0"/>
  <testcase name="testRightJoin" classname="org.apache.calcite.linq4j.test.Linq4jTest" time="0.001"/>
  <testcase name="testTakeWhileEnumerablePredicate" classname="org.apache.calcite.linq4j.test.Linq4jTest" time="0"/>
  <testcase name="testGroupJoin" classname="org.apache.calcite.linq4j.test.Linq4jTest" time="0.002"/>
  <testcase name="testCountPredicate" classname="org.apache.calcite.linq4j.test.Linq4jTest" time="0"/>
  <testcase name="testTakeQueryableZeroOrNegativeSize" classname="org.apache.calcite.linq4j.test.Linq4jTest" time="0"/>
  <testcase name="testGroupByWithKeySelectorAndElementSelectorAndResultSelectorAndComparer" classname="org.apache.calcite.linq4j.test.Linq4jTest" time="0.001"/>
  <testcase name="testSequenceEqualWithComparerWithoutCollection" classname="org.apache.calcite.linq4j.test.Linq4jTest" time="0.001"/>
  <testcase name="testCartesianProductEnumerator" classname="org.apache.calcite.linq4j.test.Linq4jTest" time="0.001"/>
  <testcase name="testTakeWhileQueryableFunctionExpressionPredicate" classname="org.apache.calcite.linq4j.test.Linq4jTest" time="0.001"/>
  <testcase name="testContainsWithEqualityComparer" classname="org.apache.calcite.linq4j.test.Linq4jTest" time="0"/>
  <testcase name="testOrderByDescending" classname="org.apache.calcite.linq4j.test.Linq4jTest" time="0"/>
  <testcase name="testOrderByComparator" classname="org.apache.calcite.linq4j.test.Linq4jTest" time="0"/>
  <testcase name="testGroupBy" classname="org.apache.calcite.linq4j.test.Linq4jTest" time="0"/>
  <testcase name="testOrderByInSeries" classname="org.apache.calcite.linq4j.test.Linq4jTest" time="0"/>
  <testcase name="testGroupByWithKeySelectorAndElementSelectorAndComparer" classname="org.apache.calcite.linq4j.test.Linq4jTest" time="0"/>
  <testcase name="testJoinCartesianProduct" classname="org.apache.calcite.linq4j.test.Linq4jTest" time="0"/>
  <testcase name="testLastWithoutList" classname="org.apache.calcite.linq4j.test.Linq4jTest" time="0"/>
  <testcase name="testContains" classname="org.apache.calcite.linq4j.test.Linq4jTest" time="0"/>
  <testcase name="testEmptyEnumerable" classname="org.apache.calcite.linq4j.test.Linq4jTest" time="0"/>
  <testcase name="testAsQueryable" classname="org.apache.calcite.linq4j.test.Linq4jTest" time="0.006"/>
  <testcase name="testTakeEnumerableZeroOrNegativeSize" classname="org.apache.calcite.linq4j.test.Linq4jTest" time="0.001"/>
  <testcase name="testTakeQueryable" classname="org.apache.calcite.linq4j.test.Linq4jTest" time="0"/>
  <testcase name="testElementAt" classname="org.apache.calcite.linq4j.test.Linq4jTest" time="0"/>
  <testcase name="testAggregate2" classname="org.apache.calcite.linq4j.test.Linq4jTest" time="0"/>
  <testcase name="testDistinctWithEqualityComparer" classname="org.apache.calcite.linq4j.test.Linq4jTest" time="0"/>
  <testcase name="testSelectorEqualityComparer" classname="org.apache.calcite.linq4j.test.Linq4jTest" time="0"/>
  <testcase name="testSelectManyWithIndexableSelectorAndResultSelector" classname="org.apache.calcite.linq4j.test.Linq4jTest" time="0.001"/>
  <testcase name="testAverageSelector" classname="org.apache.calcite.linq4j.test.Linq4jTest" time="0.001"/>
  <testcase name="testReverse" classname="org.apache.calcite.linq4j.test.Linq4jTest" time="0"/>
  <testcase name="testLongCount" classname="org.apache.calcite.linq4j.test.Linq4jTest" time="0"/>
  <testcase name="testAllPredicate" classname="org.apache.calcite.linq4j.test.Linq4jTest" time="0"/>
  <testcase name="testSelectManyWithIndexableSelector" classname="org.apache.calcite.linq4j.test.Linq4jTest" time="0.002"/>
  <testcase name="testAggregate" classname="org.apache.calcite.linq4j.test.Linq4jTest" time="0.001"/>
  <testcase name="testTakeQueryableGreaterThanLength" classname="org.apache.calcite.linq4j.test.Linq4jTest" time="0"/>
  <testcase name="testDistinct" classname="org.apache.calcite.linq4j.test.Linq4jTest" time="0"/>
  <testcase name="testSequenceEqual" classname="org.apache.calcite.linq4j.test.Linq4jTest" time="0"/>
  <testcase name="testToMapWithComparer" classname="org.apache.calcite.linq4j.test.Linq4jTest" time="0.004"/>
  <testcase name="testIntersect" classname="org.apache.calcite.linq4j.test.Linq4jTest" time="0"/>
  <testcase name="testFirstPredicate1" classname="org.apache.calcite.linq4j.test.Linq4jTest" time="0.003"/>
  <testcase name="testFirstOrDefault" classname="org.apache.calcite.linq4j.test.Linq4jTest" time="0.001"/>
  <testcase name="testConcat" classname="org.apache.calcite.linq4j.test.Linq4jTest" time="0"/>
  <testcase name="testExcept" classname="org.apache.calcite.linq4j.test.Linq4jTest" time="0"/>
  <testcase name="testLastOrDefaultWithPredicate" classname="org.apache.calcite.linq4j.test.Linq4jTest" time="0"/>
  <testcase name="testLastOrDefault" classname="org.apache.calcite.linq4j.test.Linq4jTest" time="0"/>
  <testcase name="testIdentityEqualityComparer" classname="org.apache.calcite.linq4j.test.Linq4jTest" time="0"/>
  <testcase name="testGroupByWithKeySelector" classname="org.apache.calcite.linq4j.test.Linq4jTest" time="0"/>
  <testcase name="testIterableOfType" classname="org.apache.calcite.linq4j.test.Linq4jTest" time="0"/>
  <testcase name="testGroupJoinWithComparer" classname="org.apache.calcite.linq4j.test.Linq4jTest" time="0.001"/>
  <testcase name="testGroupByWithKeySelectorAndElementSelector" classname="org.apache.calcite.linq4j.test.Linq4jTest" time="0.001"/>
  <testcase name="testOfType" classname="org.apache.calcite.linq4j.test.Linq4jTest" time="0.001"/>
  <testcase name="testSelect" classname="org.apache.calcite.linq4j.test.Linq4jTest" time="0"/>
  <testcase name="testSingle" classname="org.apache.calcite.linq4j.test.Linq4jTest" time="0"/>
  <testcase name="testToMap2" classname="org.apache.calcite.linq4j.test.Linq4jTest" time="0"/>
  <testcase name="testZipLengthNotMatch" classname="org.apache.calcite.linq4j.test.Linq4jTest" time="0.001"/>
  <testcase name="testToMap2WithComparer" classname="org.apache.calcite.linq4j.test.Linq4jTest" time="0.001"/>
  <testcase name="testMinSelector" classname="org.apache.calcite.linq4j.test.Linq4jTest" time="0"/>
  <testcase name="testSelectMany" classname="org.apache.calcite.linq4j.test.Linq4jTest" time="0.001"/>
  <testcase name="testFullJoin" classname="org.apache.calcite.linq4j.test.Linq4jTest" time="0"/>
  <testcase name="testSequenceEqualWithComparer" classname="org.apache.calcite.linq4j.test.Linq4jTest" time="0.001"/>
  <testcase name="testToLookupSelectorComparer" classname="org.apache.calcite.linq4j.test.Linq4jTest" time="0.001"/>
  <testcase name="testLongCountPredicate" classname="org.apache.calcite.linq4j.test.Linq4jTest" time="0.001"/>
  <testcase name="testTakeWhileNNoMatch" classname="org.apache.calcite.linq4j.test.Linq4jTest" time="0"/>
</testsuite>