<?xml version="1.0" encoding="UTF-8"?>
<testsuite name="org.apache.calcite.test.RelMetadataTest" time="0.419" tests="80" errors="0" skipped="6" failures="0">
  <properties>
    <property name="idea.version" value="15.0.1"/>
    <property name="java.runtime.name" value="OpenJDK Runtime Environment"/>
    <property name="sun.boot.library.path" value="/usr/lib/jvm/java-1.8.0-openjdk-1.8.0.65-4.b17.fc23.x86_64/jre/lib/amd64"/>
    <property name="java.vm.version" value="25.65-b01"/>
    <property name="java.vm.vendor" value="Oracle Corporation"/>
    <property name="java.vendor.url" value="http://java.oracle.com/"/>
    <property name="path.separator" value=":"/>
    <property name="guice.disable.misplaced.annotation.check" value="true"/>
    <property name="java.vm.name" value="OpenJDK 64-Bit Server VM"/>
    <property name="file.encoding.pkg" value="sun.io"/>
    <property name="idea.launcher.port" value="7533"/>
    <property name="user.country" value="KR"/>
    <property name="sun.java.launcher" value="SUN_STANDARD"/>
    <property name="sun.os.patch.level" value="unknown"/>
    <property name="java.vm.specification.name" value="Java Virtual Machine Specification"/>
    <property name="user.dir" value="/home/bylee/calcite-elasticsearch"/>
    <property name="java.runtime.version" value="1.8.0_65-b17"/>
    <property name="java.awt.graphicsenv" value="sun.awt.X11GraphicsEnvironment"/>
    <property name="java.endorsed.dirs" value="/usr/lib/jvm/java-1.8.0-openjdk-1.8.0.65-4.b17.fc23.x86_64/jre/lib/endorsed"/>
    <property name="os.arch" value="amd64"/>
    <property name="java.io.tmpdir" value="/tmp"/>
    <property name="line.separator" value="&#10;"/>
    <property name="java.vm.specification.vendor" value="Oracle Corporation"/>
    <property name="os.name" value="Linux"/>
    <property name="classworlds.conf" value="/home/bylee/idea-IC-143.382.35/plugins/maven/lib/maven3/bin/m2.conf"/>
    <property name="sun.jnu.encoding" value="UTF-8"/>
    <property name="java.library.path" value=".::/usr/java/packages/lib/amd64:/usr/lib64:/lib64:/lib:/usr/lib"/>
    <property name="java.specification.name" value="Java Platform API Specification"/>
    <property name="java.class.version" value="52.0"/>
    <property name="sun.management.compiler" value="HotSpot 64-Bit Tiered Compilers"/>
    <property name="os.version" value="4.2.3-300.fc23.x86_64"/>
    <property name="user.home" value="/home/bylee"/>
    <property name="user.timezone" value="Asia/Seoul"/>
    <property name="java.awt.printerjob" value="sun.print.PSPrinterJob"/>
    <property name="java.specification.version" value="1.8"/>
    <property name="idea.launcher.bin.path" value="/home/bylee/idea-IC-143.382.35/bin"/>
    <property name="file.encoding" value="UTF-8"/>
    <property name="user.name" value="bylee"/>
    <property name="java.class.path" value="/home/bylee/idea-IC-143.382.35/plugins/maven/lib/maven3/boot/plexus-classworlds-2.4.jar:/home/bylee/idea-IC-143.382.35/lib/idea_rt.jar"/>
    <property name="java.vm.specification.version" value="1.8"/>
    <property name="sun.arch.data.model" value="64"/>
    <property name="java.home" value="/usr/lib/jvm/java-1.8.0-openjdk-1.8.0.65-4.b17.fc23.x86_64/jre"/>
    <property name="sun.java.command" value="com.intellij.rt.execution.application.AppMain org.codehaus.classworlds.Launcher -Didea.version=15.0.1 package"/>
    <property name="java.specification.vendor" value="Oracle Corporation"/>
    <property name="user.language" value="ko"/>
    <property name="awt.toolkit" value="sun.awt.X11.XToolkit"/>
    <property name="java.vm.info" value="mixed mode"/>
    <property name="java.version" value="1.8.0_65"/>
    <property name="java.ext.dirs" value="/usr/lib/jvm/java-1.8.0-openjdk-1.8.0.65-4.b17.fc23.x86_64/jre/lib/ext:/usr/java/packages/lib/ext"/>
    <property name="securerandom.source" value="file:/dev/./urandom"/>
    <property name="sun.boot.class.path" value="/usr/lib/jvm/java-1.8.0-openjdk-1.8.0.65-4.b17.fc23.x86_64/jre/lib/resources.jar:/usr/lib/jvm/java-1.8.0-openjdk-1.8.0.65-4.b17.fc23.x86_64/jre/lib/rt.jar:/usr/lib/jvm/java-1.8.0-openjdk-1.8.0.65-4.b17.fc23.x86_64/jre/lib/sunrsasign.jar:/usr/lib/jvm/java-1.8.0-openjdk-1.8.0.65-4.b17.fc23.x86_64/jre/lib/jsse.jar:/usr/lib/jvm/java-1.8.0-openjdk-1.8.0.65-4.b17.fc23.x86_64/jre/lib/jce.jar:/usr/lib/jvm/java-1.8.0-openjdk-1.8.0.65-4.b17.fc23.x86_64/jre/lib/charsets.jar:/usr/lib/jvm/java-1.8.0-openjdk-1.8.0.65-4.b17.fc23.x86_64/jre/lib/jfr.jar:/usr/lib/jvm/java-1.8.0-openjdk-1.8.0.65-4.b17.fc23.x86_64/jre/classes"/>
    <property name="java.vendor" value="Oracle Corporation"/>
    <property name="maven.home" value="/home/bylee/idea-IC-143.382.35/plugins/maven/lib/maven3"/>
    <property name="file.separator" value="/"/>
    <property name="java.vendor.url.bug" value="http://bugreport.sun.com/bugreport/"/>
    <property name="sun.cpu.endian" value="little"/>
    <property name="sun.io.unicode.encoding" value="UnicodeLittle"/>
    <property name="sun.desktop" value="gnome"/>
    <property name="sun.cpu.isalist" value=""/>
  </properties>
  <testcase name="testPercentageOriginalRowsUnionNoFilter" classname="org.apache.calcite.test.RelMetadataTest" time="0.006"/>
  <testcase name="testPercentageOriginalRowsTableOnly" classname="org.apache.calcite.test.RelMetadataTest" time="0.001"/>
  <testcase name="testRowCountMinusOnFinite" classname="org.apache.calcite.test.RelMetadataTest" time="0.03"/>
  <testcase name="testSelectivityJoin" classname="org.apache.calcite.test.RelMetadataTest" time="0.025"/>
  <testcase name="testSelectivitySort" classname="org.apache.calcite.test.RelMetadataTest" time="0.007"/>
  <testcase name="testRowCountDept" classname="org.apache.calcite.test.RelMetadataTest" time="0.002"/>
  <testcase name="testRowCountJoin" classname="org.apache.calcite.test.RelMetadataTest" time="0.003"/>
  <testcase name="testRowCountSort" classname="org.apache.calcite.test.RelMetadataTest" time="0.002"/>
  <testcase name="testRowCountLeftJoinEmptyFinite" classname="org.apache.calcite.test.RelMetadataTest" time="0.029"/>
  <testcase name="testRowCountFilterOnFinite" classname="org.apache.calcite.test.RelMetadataTest" time="0.016"/>
  <testcase name="testCollation" classname="org.apache.calcite.test.RelMetadataTest" time="0.011"/>
  <testcase name="testColumnOriginsJoinFullOuter" classname="org.apache.calcite.test.RelMetadataTest" time="0.002"/>
  <testcase name="testRowCountSortLimitOffsetOnFinite" classname="org.apache.calcite.test.RelMetadataTest" time="0.011"/>
  <testcase name="testRowCountUnionOnFinite" classname="org.apache.calcite.test.RelMetadataTest" time="0.003"/>
  <testcase name="testSelectivityAgg" classname="org.apache.calcite.test.RelMetadataTest" time="0.007"/>
  <testcase name="testSelectivityAndFilter" classname="org.apache.calcite.test.RelMetadataTest" time="0.002"/>
  <testcase name="testRowCountJoinFiniteEmpty" classname="org.apache.calcite.test.RelMetadataTest" time="0.005"/>
  <testcase name="testRowCountJoinEmptyEmpty" classname="org.apache.calcite.test.RelMetadataTest" time="0.014"/>
  <testcase name="testColumnOriginsTableOnly" classname="org.apache.calcite.test.RelMetadataTest" time="0.001"/>
  <testcase name="testSelectivityRedundantFilter" classname="org.apache.calcite.test.RelMetadataTest" time="0.001"/>
  <testcase name="testDistinctRowCountTable" classname="org.apache.calcite.test.RelMetadataTest" time="0.002"/>
  <testcase name="testPercentageOriginalRowsAgg" classname="org.apache.calcite.test.RelMetadataTest" time="0.004"/>
  <testcase name="testColumnOriginsAggCountStar" classname="org.apache.calcite.test.RelMetadataTest" time="0.001"/>
  <testcase name="testUnion" classname="org.apache.calcite.test.RelMetadataTest" time="0.002"/>
  <testcase name="testColumnOriginsSelfUnion" classname="org.apache.calcite.test.RelMetadataTest" time="0.004"/>
  <testcase name="testRowCountSortHighOffsetLimit" classname="org.apache.calcite.test.RelMetadataTest" time="0.004"/>
  <testcase name="testGroupByEmptyUniqueKeys" classname="org.apache.calcite.test.RelMetadataTest" time="0.001"/>
  <testcase name="testSelectivityIsNotNullFilter" classname="org.apache.calcite.test.RelMetadataTest" time="0.001"/>
  <testcase name="testColumnOriginsJoinLeft" classname="org.apache.calcite.test.RelMetadataTest" time="0.001"/>
  <testcase name="testCustomProvider" classname="org.apache.calcite.test.RelMetadataTest" time="0.004"/>
  <testcase name="testRowCountAggregateEmptyKeyOnEmptyTable" classname="org.apache.calcite.test.RelMetadataTest" time="0.005"/>
  <testcase name="testSelectivityComparisonFilter" classname="org.apache.calcite.test.RelMetadataTest" time="0.001"/>
  <testcase name="testColumnOriginsAggKey" classname="org.apache.calcite.test.RelMetadataTest" time="0.002"/>
  <testcase name="testPercentageOriginalRowsUnionLittleFilter" classname="org.apache.calcite.test.RelMetadataTest" time="0">
    <skipped/>
  </testcase>
  <testcase name="testGroupByEmptyHavingUniqueKeys" classname="org.apache.calcite.test.RelMetadataTest" time="0.004"/>
  <testcase name="testColumnOriginsFilter" classname="org.apache.calcite.test.RelMetadataTest" time="0.003"/>
  <testcase name="testRowCountEmp" classname="org.apache.calcite.test.RelMetadataTest" time="0.006"/>
  <testcase name="testRowCountJoinFinite" classname="org.apache.calcite.test.RelMetadataTest" time="0.008"/>
  <testcase name="testColumnOriginsConstant" classname="org.apache.calcite.test.RelMetadataTest" time="0.011"/>
  <testcase name="testGroupBy" classname="org.apache.calcite.test.RelMetadataTest" time="0.001"/>
  <testcase name="testSelectivityOrFilter" classname="org.apache.calcite.test.RelMetadataTest" time="0.001"/>
  <testcase name="testColumnOriginsValues" classname="org.apache.calcite.test.RelMetadataTest" time="0"/>
  <testcase name="testColumnOriginsJoinOuter" classname="org.apache.calcite.test.RelMetadataTest" time="0.003"/>
  <testcase name="testColumnOriginsJoinRight" classname="org.apache.calcite.test.RelMetadataTest" time="0.003"/>
  <testcase name="testRowCountFilter" classname="org.apache.calcite.test.RelMetadataTest" time="0.003"/>
  <testcase name="testPercentageOriginalRowsUnionBigFilter" classname="org.apache.calcite.test.RelMetadataTest" time="0">
    <skipped/>
  </testcase>
  <testcase name="testPredicates" classname="org.apache.calcite.test.RelMetadataTest" time="0.006"/>
  <testcase name="testRowCountSortHighLimit" classname="org.apache.calcite.test.RelMetadataTest" time="0.002"/>
  <testcase name="testPercentageOriginalRowsTwoFilters" classname="org.apache.calcite.test.RelMetadataTest" time="0">
    <skipped/>
  </testcase>
  <testcase name="testColumnOriginsUnion" classname="org.apache.calcite.test.RelMetadataTest" time="0.001"/>
  <testcase name="testRowCountValues" classname="org.apache.calcite.test.RelMetadataTest" time="0.001"/>
  <testcase name="testRowCountSortLimit" classname="org.apache.calcite.test.RelMetadataTest" time="0.001"/>
  <testcase name="testRowCountSortLimitOffset" classname="org.apache.calcite.test.RelMetadataTest" time="0.001"/>
  <testcase name="testPercentageOriginalRowsJoin" classname="org.apache.calcite.test.RelMetadataTest" time="0.001"/>
  <testcase name="testRowCountAggregate" classname="org.apache.calcite.test.RelMetadataTest" time="0.001"/>
  <testcase name="testRowCountCartesian" classname="org.apache.calcite.test.RelMetadataTest" time="0.007"/>
  <testcase name="testSelectivityIsNotNullFilterOnNotNullColumn" classname="org.apache.calcite.test.RelMetadataTest" time="0"/>
  <testcase name="testPercentageOriginalRowsOneFilter" classname="org.apache.calcite.test.RelMetadataTest" time="0">
    <skipped/>
  </testcase>
  <testcase name="testSelectivityUnion" classname="org.apache.calcite.test.RelMetadataTest" time="0.003"/>
  <testcase name="testColumnOriginsAggCountNullable" classname="org.apache.calcite.test.RelMetadataTest" time="0.003"/>
  <testcase name="testRowCountAggregateGroupingSets" classname="org.apache.calcite.test.RelMetadataTest" time="0.012"/>
  <testcase name="testPullUpPredicatesFromAggregation" classname="org.apache.calcite.test.RelMetadataTest" time="0.001"/>
  <testcase name="testRowCountJoinEmptyFinite" classname="org.apache.calcite.test.RelMetadataTest" time="0.005"/>
  <testcase name="testRowCountRightJoinEmptyFinite" classname="org.apache.calcite.test.RelMetadataTest" time="0.008"/>
  <testcase name="testPullUpPredicatesFromProject" classname="org.apache.calcite.test.RelMetadataTest" time="0.002"/>
  <testcase name="testJoinUniqueKeys" classname="org.apache.calcite.test.RelMetadataTest" time="0.069"/>
  <testcase name="testColumnOriginsExpression" classname="org.apache.calcite.test.RelMetadataTest" time="0.001"/>
  <testcase name="testSelectivityAggCached" classname="org.apache.calcite.test.RelMetadataTest" time="0.001"/>
  <testcase name="testColumnOriginsDyadicExpression" classname="org.apache.calcite.test.RelMetadataTest" time="0.002"/>
  <testcase name="testRowCountUnion" classname="org.apache.calcite.test.RelMetadataTest" time="0.002"/>
  <testcase name="testRowCountAggregateGroupingSetsOneEmpty" classname="org.apache.calcite.test.RelMetadataTest" time="0.004"/>
  <testcase name="testColumnOriginsAggReduced" classname="org.apache.calcite.test.RelMetadataTest" time="0.001"/>
  <testcase name="testPercentageOriginalRowsJoinTwoFilters" classname="org.apache.calcite.test.RelMetadataTest" time="0">
    <skipped/>
  </testcase>
  <testcase name="testRowCountSortLimit0" classname="org.apache.calcite.test.RelMetadataTest" time="0.001"/>
  <testcase name="testRowCountAggregateEmptyKey" classname="org.apache.calcite.test.RelMetadataTest" time="0.006"/>
  <testcase name="testAverageRowSize" classname="org.apache.calcite.test.RelMetadataTest" time="0.009"/>
  <testcase name="testRowCountIntersectOnFinite" classname="org.apache.calcite.test.RelMetadataTest" time="0.006"/>
  <testcase name="testPercentageOriginalRowsRedundantFilter" classname="org.apache.calcite.test.RelMetadataTest" time="0">
    <skipped/>
  </testcase>
  <testcase name="testRowCountSortHighOffset" classname="org.apache.calcite.test.RelMetadataTest" time="0.008"/>
  <testcase name="testDistinctRowCountTableEmptyKey" classname="org.apache.calcite.test.RelMetadataTest" time="0.001"/>
</testsuite>