<?xml version="1.0" encoding="UTF-8"?>
<testsuite name="org.apache.calcite.test.RelOptRulesTest" time="3.392" tests="160" errors="0" skipped="5" failures="0">
  <properties>
    <property name="idea.version" value="15.0.1"/>
    <property name="java.runtime.name" value="OpenJDK Runtime Environment"/>
    <property name="sun.boot.library.path" value="/usr/lib/jvm/java-1.8.0-openjdk-1.8.0.65-4.b17.fc23.x86_64/jre/lib/amd64"/>
    <property name="java.vm.version" value="25.65-b01"/>
    <property name="java.vm.vendor" value="Oracle Corporation"/>
    <property name="java.vendor.url" value="http://java.oracle.com/"/>
    <property name="path.separator" value=":"/>
    <property name="guice.disable.misplaced.annotation.check" value="true"/>
    <property name="java.vm.name" value="OpenJDK 64-Bit Server VM"/>
    <property name="file.encoding.pkg" value="sun.io"/>
    <property name="idea.launcher.port" value="7533"/>
    <property name="user.country" value="KR"/>
    <property name="sun.java.launcher" value="SUN_STANDARD"/>
    <property name="sun.os.patch.level" value="unknown"/>
    <property name="java.vm.specification.name" value="Java Virtual Machine Specification"/>
    <property name="user.dir" value="/home/bylee/calcite-elasticsearch"/>
    <property name="java.runtime.version" value="1.8.0_65-b17"/>
    <property name="java.awt.graphicsenv" value="sun.awt.X11GraphicsEnvironment"/>
    <property name="java.endorsed.dirs" value="/usr/lib/jvm/java-1.8.0-openjdk-1.8.0.65-4.b17.fc23.x86_64/jre/lib/endorsed"/>
    <property name="os.arch" value="amd64"/>
    <property name="java.io.tmpdir" value="/tmp"/>
    <property name="line.separator" value="&#10;"/>
    <property name="java.vm.specification.vendor" value="Oracle Corporation"/>
    <property name="os.name" value="Linux"/>
    <property name="classworlds.conf" value="/home/bylee/idea-IC-143.382.35/plugins/maven/lib/maven3/bin/m2.conf"/>
    <property name="sun.jnu.encoding" value="UTF-8"/>
    <property name="java.library.path" value=".::/usr/java/packages/lib/amd64:/usr/lib64:/lib64:/lib:/usr/lib"/>
    <property name="java.specification.name" value="Java Platform API Specification"/>
    <property name="java.class.version" value="52.0"/>
    <property name="sun.management.compiler" value="HotSpot 64-Bit Tiered Compilers"/>
    <property name="os.version" value="4.2.3-300.fc23.x86_64"/>
    <property name="user.home" value="/home/bylee"/>
    <property name="user.timezone" value="Asia/Seoul"/>
    <property name="java.awt.printerjob" value="sun.print.PSPrinterJob"/>
    <property name="java.specification.version" value="1.8"/>
    <property name="idea.launcher.bin.path" value="/home/bylee/idea-IC-143.382.35/bin"/>
    <property name="file.encoding" value="UTF-8"/>
    <property name="user.name" value="bylee"/>
    <property name="java.class.path" value="/home/bylee/idea-IC-143.382.35/plugins/maven/lib/maven3/boot/plexus-classworlds-2.4.jar:/home/bylee/idea-IC-143.382.35/lib/idea_rt.jar"/>
    <property name="java.vm.specification.version" value="1.8"/>
    <property name="sun.arch.data.model" value="64"/>
    <property name="java.home" value="/usr/lib/jvm/java-1.8.0-openjdk-1.8.0.65-4.b17.fc23.x86_64/jre"/>
    <property name="sun.java.command" value="com.intellij.rt.execution.application.AppMain org.codehaus.classworlds.Launcher -Didea.version=15.0.1 package"/>
    <property name="java.specification.vendor" value="Oracle Corporation"/>
    <property name="user.language" value="ko"/>
    <property name="awt.toolkit" value="sun.awt.X11.XToolkit"/>
    <property name="java.vm.info" value="mixed mode"/>
    <property name="java.version" value="1.8.0_65"/>
    <property name="java.ext.dirs" value="/usr/lib/jvm/java-1.8.0-openjdk-1.8.0.65-4.b17.fc23.x86_64/jre/lib/ext:/usr/java/packages/lib/ext"/>
    <property name="securerandom.source" value="file:/dev/./urandom"/>
    <property name="sun.boot.class.path" value="/usr/lib/jvm/java-1.8.0-openjdk-1.8.0.65-4.b17.fc23.x86_64/jre/lib/resources.jar:/usr/lib/jvm/java-1.8.0-openjdk-1.8.0.65-4.b17.fc23.x86_64/jre/lib/rt.jar:/usr/lib/jvm/java-1.8.0-openjdk-1.8.0.65-4.b17.fc23.x86_64/jre/lib/sunrsasign.jar:/usr/lib/jvm/java-1.8.0-openjdk-1.8.0.65-4.b17.fc23.x86_64/jre/lib/jsse.jar:/usr/lib/jvm/java-1.8.0-openjdk-1.8.0.65-4.b17.fc23.x86_64/jre/lib/jce.jar:/usr/lib/jvm/java-1.8.0-openjdk-1.8.0.65-4.b17.fc23.x86_64/jre/lib/charsets.jar:/usr/lib/jvm/java-1.8.0-openjdk-1.8.0.65-4.b17.fc23.x86_64/jre/lib/jfr.jar:/usr/lib/jvm/java-1.8.0-openjdk-1.8.0.65-4.b17.fc23.x86_64/jre/classes"/>
    <property name="java.vendor" value="Oracle Corporation"/>
    <property name="maven.home" value="/home/bylee/idea-IC-143.382.35/plugins/maven/lib/maven3"/>
    <property name="file.separator" value="/"/>
    <property name="java.vendor.url.bug" value="http://bugreport.sun.com/bugreport/"/>
    <property name="sun.cpu.endian" value="little"/>
    <property name="sun.io.unicode.encoding" value="UnicodeLittle"/>
    <property name="sun.desktop" value="gnome"/>
    <property name="sun.cpu.isalist" value=""/>
  </properties>
  <testcase name="testReduceCastAndConsts" classname="org.apache.calcite.test.RelOptRulesTest" time="0.085"/>
  <testcase name="testEmptyFilterProjectUnion" classname="org.apache.calcite.test.RelOptRulesTest" time="0.053"/>
  <testcase name="testWindowInParenthesis" classname="org.apache.calcite.test.RelOptRulesTest" time="0.083"/>
  <testcase name="testPushSemiJoinPastJoinRuleRight" classname="org.apache.calcite.test.RelOptRulesTest" time="0.026"/>
  <testcase name="testPushCountNullableThroughUnion" classname="org.apache.calcite.test.RelOptRulesTest" time="0.038"/>
  <testcase name="testReduceValuesNull" classname="org.apache.calcite.test.RelOptRulesTest" time="0">
    <skipped/>
  </testcase>
  <testcase name="testPullConstantThroughAggregateAllConst" classname="org.apache.calcite.test.RelOptRulesTest" time="0.012"/>
  <testcase name="testReduceValuesUnderProjectFilter" classname="org.apache.calcite.test.RelOptRulesTest" time="0.015"/>
  <testcase name="testReduceValuesUnderProject" classname="org.apache.calcite.test.RelOptRulesTest" time="0.025"/>
  <testcase name="testReduceValuesUnderFilter" classname="org.apache.calcite.test.RelOptRulesTest" time="0.047"/>
  <testcase name="testReduceConstantsDup" classname="org.apache.calcite.test.RelOptRulesTest" time="0.015"/>
  <testcase name="testDistinctCountMixedJoin" classname="org.apache.calcite.test.RelOptRulesTest" time="0.023"/>
  <testcase name="testAggregateProjectMerge" classname="org.apache.calcite.test.RelOptRulesTest" time="0.031"/>
  <testcase name="testReduceConstantsNullEqualsOne" classname="org.apache.calcite.test.RelOptRulesTest" time="0.024"/>
  <testcase name="testRemoveSemiJoin" classname="org.apache.calcite.test.RelOptRulesTest" time="0.033"/>
  <testcase name="testDistinctCountMultiple" classname="org.apache.calcite.test.RelOptRulesTest" time="0.028"/>
  <testcase name="testConvertMultiJoinRule" classname="org.apache.calcite.test.RelOptRulesTest" time="0.052"/>
  <testcase name="testPullFilterThroughAggregateGroupingSets" classname="org.apache.calcite.test.RelOptRulesTest" time="0.015"/>
  <testcase name="testReduceConstantsRequiresExecutor" classname="org.apache.calcite.test.RelOptRulesTest" time="0.009"/>
  <testcase name="testTransitiveInferenceJoin3wayAgg" classname="org.apache.calcite.test.RelOptRulesTest" time="0.033"/>
  <testcase name="testReduceConstantsProjectNullable" classname="org.apache.calcite.test.RelOptRulesTest" time="0.045"/>
  <testcase name="testTransitiveInferencePreventProjectPullUp" classname="org.apache.calcite.test.RelOptRulesTest" time="0.015"/>
  <testcase name="testExpressionInWindowFunction" classname="org.apache.calcite.test.RelOptRulesTest" time="0.028"/>
  <testcase name="testTransitiveInferenceJoin3way" classname="org.apache.calcite.test.RelOptRulesTest" time="0.004"/>
  <testcase name="testPushCountStarThroughUnion" classname="org.apache.calcite.test.RelOptRulesTest" time="0.004"/>
  <testcase name="testRemoveSemiJoinRight" classname="org.apache.calcite.test.RelOptRulesTest" time="0.017"/>
  <testcase name="testPushAggregateFunctionsThroughJoin" classname="org.apache.calcite.test.RelOptRulesTest" time="0.04"/>
  <testcase name="testTransitiveInferenceProject" classname="org.apache.calcite.test.RelOptRulesTest" time="0.008"/>
  <testcase name="testPushAvgThroughUnion" classname="org.apache.calcite.test.RelOptRulesTest" time="0.002"/>
  <testcase name="testReduceConstantsCalc" classname="org.apache.calcite.test.RelOptRulesTest" time="0.15"/>
  <testcase name="testReduceConstantsDup2" classname="org.apache.calcite.test.RelOptRulesTest" time="0.013"/>
  <testcase name="testPushCountFilterThroughUnion" classname="org.apache.calcite.test.RelOptRulesTest" time="0.003"/>
  <testcase name="testPushSumCountStarGroupingSetsThroughUnion" classname="org.apache.calcite.test.RelOptRulesTest" time="0.013"/>
  <testcase name="testPushSemiJoinPastJoinRuleLeft" classname="org.apache.calcite.test.RelOptRulesTest" time="0.126"/>
  <testcase name="testExtractJoinFilterRule" classname="org.apache.calcite.test.RelOptRulesTest" time="0.008"/>
  <testcase name="testPushAggregateThroughJoinDistinct" classname="org.apache.calcite.test.RelOptRulesTest" time="0.133"/>
  <testcase name="testTransitiveInferenceFullOuterJoin" classname="org.apache.calcite.test.RelOptRulesTest" time="0.026"/>
  <testcase name="testPullConstantThroughAggregatePermutedConstGroupBy" classname="org.apache.calcite.test.RelOptRulesTest" time="0.012"/>
  <testcase name="testPushSumCountStarThroughUnion" classname="org.apache.calcite.test.RelOptRulesTest" time="0.005"/>
  <testcase name="testPushFilterWithRank" classname="org.apache.calcite.test.RelOptRulesTest" time="0.033"/>
  <testcase name="testPushSumNullableGroupingSetsThroughUnion" classname="org.apache.calcite.test.RelOptRulesTest" time="0.023"/>
  <testcase name="testMergeFilter" classname="org.apache.calcite.test.RelOptRulesTest" time="0.009"/>
  <testcase name="testDistinctCountGroupingSets1" classname="org.apache.calcite.test.RelOptRulesTest" time="0.008"/>
  <testcase name="testDistinctCountGroupingSets2" classname="org.apache.calcite.test.RelOptRulesTest" time="0.019"/>
  <testcase name="testPushProjectPastSetOp" classname="org.apache.calcite.test.RelOptRulesTest" time="0.02"/>
  <testcase name="testPushFilterPastAgg" classname="org.apache.calcite.test.RelOptRulesTest" time="0.025"/>
  <testcase name="testEmptyJoin" classname="org.apache.calcite.test.RelOptRulesTest" time="0.016"/>
  <testcase name="testEmptySort" classname="org.apache.calcite.test.RelOptRulesTest" time="0.007"/>
  <testcase name="testMergeFilterWithJoinCondition" classname="org.apache.calcite.test.RelOptRulesTest" time="0">
    <skipped message="cycles"/>
  </testcase>
  <testcase name="testTransitiveInferenceJoin" classname="org.apache.calcite.test.RelOptRulesTest" time="0.011"/>
  <testcase name="testPushCountNullableGroupingSetsThroughUnion" classname="org.apache.calcite.test.RelOptRulesTest" time="0.028"/>
  <testcase name="testFullOuterJoinSimplificationToRightOuter" classname="org.apache.calcite.test.RelOptRulesTest" time="0.021"/>
  <testcase name="testPushFilterPastAggTwo" classname="org.apache.calcite.test.RelOptRulesTest" time="0.024"/>
  <testcase name="testPushAggregateSumNoGroup" classname="org.apache.calcite.test.RelOptRulesTest" time="0.023"/>
  <testcase name="testSortUnionTranspose" classname="org.apache.calcite.test.RelOptRulesTest" time="0.023"/>
  <testcase name="testPushSemiJoinPastProject" classname="org.apache.calcite.test.RelOptRulesTest" time="0.027"/>
  <testcase name="testPushFilterWithRankExpr" classname="org.apache.calcite.test.RelOptRulesTest" time="0.011"/>
  <testcase name="testSortJoinTranspose1" classname="org.apache.calcite.test.RelOptRulesTest" time="0.02"/>
  <testcase name="testSortJoinTranspose2" classname="org.apache.calcite.test.RelOptRulesTest" time="0.024"/>
  <testcase name="testSortJoinTranspose3" classname="org.apache.calcite.test.RelOptRulesTest" time="0.023"/>
  <testcase name="testSortJoinTranspose4" classname="org.apache.calcite.test.RelOptRulesTest" time="0.038"/>
  <testcase name="testSemiJoinRule" classname="org.apache.calcite.test.RelOptRulesTest" time="0.03"/>
  <testcase name="testSemiJoinTrim" classname="org.apache.calcite.test.RelOptRulesTest" time="0.039"/>
  <testcase name="testTransitiveInferenceConstantEquiPredicate" classname="org.apache.calcite.test.RelOptRulesTest" time="0.007"/>
  <testcase name="testReduceValuesToEmpty" classname="org.apache.calcite.test.RelOptRulesTest" time="0.028"/>
  <testcase name="testPushProjectPastFilter" classname="org.apache.calcite.test.RelOptRulesTest" time="0.026"/>
  <testcase name="testAggregateGroupingSetsProjectMerge" classname="org.apache.calcite.test.RelOptRulesTest" time="0.008"/>
  <testcase name="testPushFilterThroughSemiJoin" classname="org.apache.calcite.test.RelOptRulesTest" time="0.015"/>
  <testcase name="testDistinctCountMultipleViaJoin" classname="org.apache.calcite.test.RelOptRulesTest" time="0.01"/>
  <testcase name="testPushMinThroughUnion" classname="org.apache.calcite.test.RelOptRulesTest" time="0.003"/>
  <testcase name="testPushSumConstantGroupingSetsThroughUnion" classname="org.apache.calcite.test.RelOptRulesTest" time="0.003"/>
  <testcase name="testPushFilterPastAggWithGroupingSets1" classname="org.apache.calcite.test.RelOptRulesTest" time="0.002"/>
  <testcase name="testPushFilterPastAggWithGroupingSets2" classname="org.apache.calcite.test.RelOptRulesTest" time="0.002"/>
  <testcase name="testTransitiveInferenceUnion3way" classname="org.apache.calcite.test.RelOptRulesTest" time="0.015"/>
  <testcase name="testPullConstantThroughConstLast" classname="org.apache.calcite.test.RelOptRulesTest" time="0.007"/>
  <testcase name="testEmptyJoinRight" classname="org.apache.calcite.test.RelOptRulesTest" time="0.008"/>
  <testcase name="testTransitiveInferenceLeftOuterJoin" classname="org.apache.calcite.test.RelOptRulesTest" time="0.002"/>
  <testcase name="testPushMaxNullableGroupingSetsThroughUnion" classname="org.apache.calcite.test.RelOptRulesTest" time="0.019"/>
  <testcase name="testReduceConstants2" classname="org.apache.calcite.test.RelOptRulesTest" time="0.023"/>
  <testcase name="testPushJoinThroughUnionOnRight" classname="org.apache.calcite.test.RelOptRulesTest" time="0.02"/>
  <testcase name="testFullOuterJoinSimplificationToInner" classname="org.apache.calcite.test.RelOptRulesTest" time="0.017"/>
  <testcase name="testPushAvgGroupingSetsThroughUnion" classname="org.apache.calcite.test.RelOptRulesTest" time="0.006"/>
  <testcase name="testReduceOrCaseWhen" classname="org.apache.calcite.test.RelOptRulesTest" time="0.025"/>
  <testcase name="testHeterogeneousConversion" classname="org.apache.calcite.test.RelOptRulesTest" time="0">
    <skipped message="cycles"/>
  </testcase>
  <testcase name="testReduceAverage" classname="org.apache.calcite.test.RelOptRulesTest" time="0.012"/>
  <testcase name="testReduceCasts" classname="org.apache.calcite.test.RelOptRulesTest" time="0.022"/>
  <testcase name="testLeftOuterJoinSimplificationToInner" classname="org.apache.calcite.test.RelOptRulesTest" time="0.017"/>
  <testcase name="testPushSumNullableNOGBYThroughUnion" classname="org.apache.calcite.test.RelOptRulesTest" time="0.002"/>
  <testcase name="testPushAggregateThroughJoin1" classname="org.apache.calcite.test.RelOptRulesTest" time="0.028"/>
  <testcase name="testPushAggregateThroughJoin2" classname="org.apache.calcite.test.RelOptRulesTest" time="0.031"/>
  <testcase name="testPushAggregateThroughJoin3" classname="org.apache.calcite.test.RelOptRulesTest" time="0.034"/>
  <testcase name="testPushFilterPastProject" classname="org.apache.calcite.test.RelOptRulesTest" time="0.017"/>
  <testcase name="testReduceConstants" classname="org.apache.calcite.test.RelOptRulesTest" time="0.029"/>
  <testcase name="testPushSumNullConstantThroughUnion" classname="org.apache.calcite.test.RelOptRulesTest" time="0.009"/>
  <testcase name="testMergeJoinFilter" classname="org.apache.calcite.test.RelOptRulesTest" time="0.008"/>
  <testcase name="testStrengthenJoinType" classname="org.apache.calcite.test.RelOptRulesTest" time="0.026"/>
  <testcase name="testPushAggregateSumThroughJoin" classname="org.apache.calcite.test.RelOptRulesTest" time="0.025"/>
  <testcase name="testReduceConstantsCaseEquals" classname="org.apache.calcite.test.RelOptRulesTest" time="0.02"/>
  <testcase name="testTransitiveInferenceNoPullUpExprs" classname="org.apache.calcite.test.RelOptRulesTest" time="0.002"/>
  <testcase name="testTransitiveInferenceConjunctInPullUp" classname="org.apache.calcite.test.RelOptRulesTest" time="0.002"/>
  <testcase name="testPullConstantThroughAggregateSimpleNonNullable" classname="org.apache.calcite.test.RelOptRulesTest" time="0.007"/>
  <testcase name="testUnionToDistinctRule" classname="org.apache.calcite.test.RelOptRulesTest" time="0.017"/>
  <testcase name="testPushSemiJoinPastFilter" classname="org.apache.calcite.test.RelOptRulesTest" time="0.014"/>
  <testcase name="testPullAggregateThroughUnion" classname="org.apache.calcite.test.RelOptRulesTest" time="0.014"/>
  <testcase name="testPullConstantIntoFilter" classname="org.apache.calcite.test.RelOptRulesTest" time="0.01"/>
  <testcase name="testPushSumNullableThroughUnion" classname="org.apache.calcite.test.RelOptRulesTest" time="0.02"/>
  <testcase name="testConvertMultiJoinRuleOuterJoins2" classname="org.apache.calcite.test.RelOptRulesTest" time="0.031"/>
  <testcase name="testConvertMultiJoinRuleOuterJoins3" classname="org.apache.calcite.test.RelOptRulesTest" time="0.024"/>
  <testcase name="testConvertMultiJoinRuleOuterJoins4" classname="org.apache.calcite.test.RelOptRulesTest" time="0.007"/>
  <testcase name="testProjectToWindowRuleForMultipleWindows" classname="org.apache.calcite.test.RelOptRulesTest" time="0.029"/>
  <testcase name="testTransitiveInferencePullUpThruAlias" classname="org.apache.calcite.test.RelOptRulesTest" time="0.007"/>
  <testcase name="testProjectWindowTransposeRule" classname="org.apache.calcite.test.RelOptRulesTest" time="0.007"/>
  <testcase name="testTransitiveInferenceAggregate" classname="org.apache.calcite.test.RelOptRulesTest" time="0.009"/>
  <testcase name="testEmptySortLimitZero" classname="org.apache.calcite.test.RelOptRulesTest" time="0.024"/>
  <testcase name="testDistinctCount1" classname="org.apache.calcite.test.RelOptRulesTest" time="0.015"/>
  <testcase name="testDistinctCount2" classname="org.apache.calcite.test.RelOptRulesTest" time="0.023"/>
  <testcase name="testPushCountStarGroupingSetsThroughUnion" classname="org.apache.calcite.test.RelOptRulesTest" time="0.008"/>
  <testcase name="testProjectWindowTransposeRuleWithConstants" classname="org.apache.calcite.test.RelOptRulesTest" time="0.024"/>
  <testcase name="testJoinProjectTranspose" classname="org.apache.calcite.test.RelOptRulesTest" time="0.026"/>
  <testcase name="testPushMinGroupingSetsThroughUnion" classname="org.apache.calcite.test.RelOptRulesTest" time="0.003"/>
  <testcase name="testPullConstantThroughAggregateConstGroupBy" classname="org.apache.calcite.test.RelOptRulesTest" time="0.02"/>
  <testcase name="testPushProjectPastJoin" classname="org.apache.calcite.test.RelOptRulesTest" time="0.037"/>
  <testcase name="testPullConstantThroughAggregatePermuted" classname="org.apache.calcite.test.RelOptRulesTest" time="0.002"/>
  <testcase name="testPullConstantIntoProject" classname="org.apache.calcite.test.RelOptRulesTest" time="0.019"/>
  <testcase name="testTransitiveInferenceUnionAlwaysTrue" classname="org.apache.calcite.test.RelOptRulesTest" time="0.003"/>
  <testcase name="testPushSumConstantThroughUnion" classname="org.apache.calcite.test.RelOptRulesTest" time="0.002"/>
  <testcase name="testAddRedundantSemiJoinRule" classname="org.apache.calcite.test.RelOptRulesTest" time="0.025"/>
  <testcase name="testRemoveSemiJoinWithFilter" classname="org.apache.calcite.test.RelOptRulesTest" time="0.011"/>
  <testcase name="testTransitiveInferenceUnion3wayOr" classname="org.apache.calcite.test.RelOptRulesTest" time="0">
    <skipped message="not working"/>
  </testcase>
  <testcase name="testRightOuterJoinSimplificationToInner" classname="org.apache.calcite.test.RelOptRulesTest" time="0.005"/>
  <testcase name="testReduceCastsNullable" classname="org.apache.calcite.test.RelOptRulesTest" time="0">
    <skipped/>
  </testcase>
  <testcase name="testDistinctCountMixed" classname="org.apache.calcite.test.RelOptRulesTest" time="0.02"/>
  <testcase name="testPushJoinCondDownToProject" classname="org.apache.calcite.test.RelOptRulesTest" time="0.047"/>
  <testcase name="testRemoveSemiJoinRightWithFilter" classname="org.apache.calcite.test.RelOptRulesTest" time="0.023"/>
  <testcase name="testFullOuterJoinSimplificationToLeftOuter" classname="org.apache.calcite.test.RelOptRulesTest" time="0.025"/>
  <testcase name="testPullConstantThroughAggregatePermutedConstFirst" classname="org.apache.calcite.test.RelOptRulesTest" time="0.002"/>
  <testcase name="testConvertMultiJoinRuleOuterJoins" classname="org.apache.calcite.test.RelOptRulesTest" time="0.059"/>
  <testcase name="testTransitiveInferenceUnion" classname="org.apache.calcite.test.RelOptRulesTest" time="0.018"/>
  <testcase name="testPullConstantIntoJoin" classname="org.apache.calcite.test.RelOptRulesTest" time="0.004"/>
  <testcase name="testReduceConstantsCaseEquals2" classname="org.apache.calcite.test.RelOptRulesTest" time="0.023"/>
  <testcase name="testReduceConstantsCaseEquals3" classname="org.apache.calcite.test.RelOptRulesTest" time="0.036"/>
  <testcase name="testPullConstantThroughAggregateAllLiterals" classname="org.apache.calcite.test.RelOptRulesTest" time="0.001"/>
  <testcase name="testSwapOuterJoin" classname="org.apache.calcite.test.RelOptRulesTest" time="0.033"/>
  <testcase name="testPushJoinThroughUnionOnLeft" classname="org.apache.calcite.test.RelOptRulesTest" time="0.027"/>
  <testcase name="testPushFilterPastAggThree" classname="org.apache.calcite.test.RelOptRulesTest" time="0.023"/>
  <testcase name="testReduceConstantsEliminatesFilter" classname="org.apache.calcite.test.RelOptRulesTest" time="0.038"/>
  <testcase name="testSemiJoinReduceConstants" classname="org.apache.calcite.test.RelOptRulesTest" time="0.019"/>
  <testcase name="testDistinctCountMultipleNoGroup" classname="org.apache.calcite.test.RelOptRulesTest" time="0.03"/>
  <testcase name="testPullFilterThroughAggregate" classname="org.apache.calcite.test.RelOptRulesTest" time="0.038"/>
  <testcase name="testPullConstantIntoJoin2" classname="org.apache.calcite.test.RelOptRulesTest" time="0.055"/>
  <testcase name="testEmptyJoinLeft" classname="org.apache.calcite.test.RelOptRulesTest" time="0.006"/>
  <testcase name="testReduceNestedCaseWhen" classname="org.apache.calcite.test.RelOptRulesTest" time="0.026"/>
  <testcase name="testTransitiveInferenceRightOuterJoin" classname="org.apache.calcite.test.RelOptRulesTest" time="0.002"/>
  <testcase name="testDistinctCountMixed2" classname="org.apache.calcite.test.RelOptRulesTest" time="0.007"/>
  <testcase name="testPushSumNullConstantGroupingSetsThroughUnion" classname="org.apache.calcite.test.RelOptRulesTest" time="0.013"/>
  <testcase name="testSortUnionTranspose2" classname="org.apache.calcite.test.RelOptRulesTest" time="0.007"/>
  <testcase name="testSortUnionTranspose3" classname="org.apache.calcite.test.RelOptRulesTest" time="0.005"/>
  <testcase name="testTransitiveInferenceComplexPredicate" classname="org.apache.calcite.test.RelOptRulesTest" time="0.006"/>
  <testcase name="testAlreadyFalseEliminatesFilter" classname="org.apache.calcite.test.RelOptRulesTest" time="0.023"/>
  <testcase name="testPushMaxNullableThroughUnion" classname="org.apache.calcite.test.RelOptRulesTest" time="0.002"/>
</testsuite>