<?xml version="1.0" encoding="UTF-8"?>
<testsuite name="org.apache.calcite.test.MaterializationTest" time="2.256" tests="49" errors="0" skipped="14" failures="0">
  <properties>
    <property name="idea.version" value="15.0.1"/>
    <property name="java.runtime.name" value="OpenJDK Runtime Environment"/>
    <property name="sun.boot.library.path" value="/usr/lib/jvm/java-1.8.0-openjdk-1.8.0.65-4.b17.fc23.x86_64/jre/lib/amd64"/>
    <property name="java.vm.version" value="25.65-b01"/>
    <property name="java.vm.vendor" value="Oracle Corporation"/>
    <property name="java.vendor.url" value="http://java.oracle.com/"/>
    <property name="path.separator" value=":"/>
    <property name="guice.disable.misplaced.annotation.check" value="true"/>
    <property name="java.vm.name" value="OpenJDK 64-Bit Server VM"/>
    <property name="file.encoding.pkg" value="sun.io"/>
    <property name="idea.launcher.port" value="7533"/>
    <property name="user.country" value="KR"/>
    <property name="sun.java.launcher" value="SUN_STANDARD"/>
    <property name="sun.os.patch.level" value="unknown"/>
    <property name="java.vm.specification.name" value="Java Virtual Machine Specification"/>
    <property name="user.dir" value="/home/bylee/calcite-elasticsearch"/>
    <property name="java.runtime.version" value="1.8.0_65-b17"/>
    <property name="java.awt.graphicsenv" value="sun.awt.X11GraphicsEnvironment"/>
    <property name="java.endorsed.dirs" value="/usr/lib/jvm/java-1.8.0-openjdk-1.8.0.65-4.b17.fc23.x86_64/jre/lib/endorsed"/>
    <property name="os.arch" value="amd64"/>
    <property name="java.io.tmpdir" value="/tmp"/>
    <property name="line.separator" value="&#10;"/>
    <property name="java.vm.specification.vendor" value="Oracle Corporation"/>
    <property name="os.name" value="Linux"/>
    <property name="classworlds.conf" value="/home/bylee/idea-IC-143.382.35/plugins/maven/lib/maven3/bin/m2.conf"/>
    <property name="sun.jnu.encoding" value="UTF-8"/>
    <property name="java.library.path" value=".::/usr/java/packages/lib/amd64:/usr/lib64:/lib64:/lib:/usr/lib"/>
    <property name="java.specification.name" value="Java Platform API Specification"/>
    <property name="java.class.version" value="52.0"/>
    <property name="sun.management.compiler" value="HotSpot 64-Bit Tiered Compilers"/>
    <property name="os.version" value="4.2.3-300.fc23.x86_64"/>
    <property name="user.home" value="/home/bylee"/>
    <property name="user.timezone" value="Asia/Seoul"/>
    <property name="java.awt.printerjob" value="sun.print.PSPrinterJob"/>
    <property name="java.specification.version" value="1.8"/>
    <property name="idea.launcher.bin.path" value="/home/bylee/idea-IC-143.382.35/bin"/>
    <property name="file.encoding" value="UTF-8"/>
    <property name="user.name" value="bylee"/>
    <property name="java.class.path" value="/home/bylee/idea-IC-143.382.35/plugins/maven/lib/maven3/boot/plexus-classworlds-2.4.jar:/home/bylee/idea-IC-143.382.35/lib/idea_rt.jar"/>
    <property name="java.vm.specification.version" value="1.8"/>
    <property name="sun.arch.data.model" value="64"/>
    <property name="java.home" value="/usr/lib/jvm/java-1.8.0-openjdk-1.8.0.65-4.b17.fc23.x86_64/jre"/>
    <property name="sun.java.command" value="com.intellij.rt.execution.application.AppMain org.codehaus.classworlds.Launcher -Didea.version=15.0.1 package"/>
    <property name="java.specification.vendor" value="Oracle Corporation"/>
    <property name="user.language" value="ko"/>
    <property name="awt.toolkit" value="sun.awt.X11.XToolkit"/>
    <property name="java.vm.info" value="mixed mode"/>
    <property name="java.version" value="1.8.0_65"/>
    <property name="java.ext.dirs" value="/usr/lib/jvm/java-1.8.0-openjdk-1.8.0.65-4.b17.fc23.x86_64/jre/lib/ext:/usr/java/packages/lib/ext"/>
    <property name="securerandom.source" value="file:/dev/./urandom"/>
    <property name="sun.boot.class.path" value="/usr/lib/jvm/java-1.8.0-openjdk-1.8.0.65-4.b17.fc23.x86_64/jre/lib/resources.jar:/usr/lib/jvm/java-1.8.0-openjdk-1.8.0.65-4.b17.fc23.x86_64/jre/lib/rt.jar:/usr/lib/jvm/java-1.8.0-openjdk-1.8.0.65-4.b17.fc23.x86_64/jre/lib/sunrsasign.jar:/usr/lib/jvm/java-1.8.0-openjdk-1.8.0.65-4.b17.fc23.x86_64/jre/lib/jsse.jar:/usr/lib/jvm/java-1.8.0-openjdk-1.8.0.65-4.b17.fc23.x86_64/jre/lib/jce.jar:/usr/lib/jvm/java-1.8.0-openjdk-1.8.0.65-4.b17.fc23.x86_64/jre/lib/charsets.jar:/usr/lib/jvm/java-1.8.0-openjdk-1.8.0.65-4.b17.fc23.x86_64/jre/lib/jfr.jar:/usr/lib/jvm/java-1.8.0-openjdk-1.8.0.65-4.b17.fc23.x86_64/jre/classes"/>
    <property name="java.vendor" value="Oracle Corporation"/>
    <property name="maven.home" value="/home/bylee/idea-IC-143.382.35/plugins/maven/lib/maven3"/>
    <property name="file.separator" value="/"/>
    <property name="java.vendor.url.bug" value="http://bugreport.sun.com/bugreport/"/>
    <property name="sun.cpu.endian" value="little"/>
    <property name="sun.io.unicode.encoding" value="UnicodeLittle"/>
    <property name="sun.desktop" value="gnome"/>
    <property name="sun.cpu.isalist" value=""/>
  </properties>
  <testcase name="testFilterQueryOnFilterView" classname="org.apache.calcite.test.MaterializationTest" time="0.109"/>
  <testcase name="testQueryOnStar" classname="org.apache.calcite.test.MaterializationTest" time="0">
    <skipped/>
  </testcase>
  <testcase name="testSatisfiable" classname="org.apache.calcite.test.MaterializationTest" time="0.001"/>
  <testcase name="testFilterQueryOnFilterView10" classname="org.apache.calcite.test.MaterializationTest" time="0.029"/>
  <testcase name="testFilterQueryOnFilterView11" classname="org.apache.calcite.test.MaterializationTest" time="0.028"/>
  <testcase name="testFilterQueryOnFilterView12" classname="org.apache.calcite.test.MaterializationTest" time="0.031"/>
  <testcase name="testFilterQueryOnFilterView13" classname="org.apache.calcite.test.MaterializationTest" time="0.023"/>
  <testcase name="testMaterializationReferencesTableInOtherSchema" classname="org.apache.calcite.test.MaterializationTest" time="0">
    <skipped/>
  </testcase>
  <testcase name="testPrePopulated" classname="org.apache.calcite.test.MaterializationTest" time="0.052"/>
  <testcase name="testNonDisjointUnion" classname="org.apache.calcite.test.MaterializationTest" time="0">
    <skipped/>
  </testcase>
  <testcase name="testMultiMaterializationMultiUsage" classname="org.apache.calcite.test.MaterializationTest" time="0.282"/>
  <testcase name="testMaterializationSubstitution" classname="org.apache.calcite.test.MaterializationTest" time="0.138"/>
  <testcase name="testAlias" classname="org.apache.calcite.test.MaterializationTest" time="0.062"/>
  <testcase name="testScan" classname="org.apache.calcite.test.MaterializationTest" time="0.081"/>
  <testcase name="testJoinMaterialization" classname="org.apache.calcite.test.MaterializationTest" time="0.093"/>
  <testcase name="testMaterializationSubstitution2" classname="org.apache.calcite.test.MaterializationTest" time="0.143"/>
  <testcase name="testDifferentType" classname="org.apache.calcite.test.MaterializationTest" time="0">
    <skipped/>
  </testcase>
  <testcase name="testOrderByQueryOnProjectView" classname="org.apache.calcite.test.MaterializationTest" time="0">
    <skipped/>
  </testcase>
  <testcase name="testSingleMaterializationMultiUsage" classname="org.apache.calcite.test.MaterializationTest" time="0.098"/>
  <testcase name="testAggregateRollUp" classname="org.apache.calcite.test.MaterializationTest" time="0.085"/>
  <testcase name="testSwapJoin" classname="org.apache.calcite.test.MaterializationTest" time="0">
    <skipped/>
  </testcase>
  <testcase name="testFilterGroupQueryOnStar" classname="org.apache.calcite.test.MaterializationTest" time="0">
    <skipped/>
  </testcase>
  <testcase name="testFilterQueryOnProjectView" classname="org.apache.calcite.test.MaterializationTest" time="0.06"/>
  <testcase name="testFilterQueryOnFilterView2" classname="org.apache.calcite.test.MaterializationTest" time="0">
    <skipped/>
  </testcase>
  <testcase name="testFilterQueryOnFilterView3" classname="org.apache.calcite.test.MaterializationTest" time="0">
    <skipped message="not implemented"/>
  </testcase>
  <testcase name="testFilterQueryOnFilterView4" classname="org.apache.calcite.test.MaterializationTest" time="0.057"/>
  <testcase name="testFilterQueryOnFilterView5" classname="org.apache.calcite.test.MaterializationTest" time="0.056"/>
  <testcase name="testFilterQueryOnFilterView6" classname="org.apache.calcite.test.MaterializationTest" time="0.073"/>
  <testcase name="testFilterQueryOnFilterView7" classname="org.apache.calcite.test.MaterializationTest" time="0.082"/>
  <testcase name="testFilterQueryOnFilterView8" classname="org.apache.calcite.test.MaterializationTest" time="0.019"/>
  <testcase name="testFilterQueryOnFilterView9" classname="org.apache.calcite.test.MaterializationTest" time="0.022"/>
  <testcase name="testAggregate" classname="org.apache.calcite.test.MaterializationTest" time="0.106"/>
  <testcase name="testSplitFilter" classname="org.apache.calcite.test.MaterializationTest" time="0"/>
  <testcase name="testDifferentColumnNames" classname="org.apache.calcite.test.MaterializationTest" time="0">
    <skipped/>
  </testcase>
  <testcase name="testFilterQueryOnProjectView0" classname="org.apache.calcite.test.MaterializationTest" time="0.054"/>
  <testcase name="testFilterQueryOnProjectView1" classname="org.apache.calcite.test.MaterializationTest" time="0.063"/>
  <testcase name="testFilterQueryOnProjectView2" classname="org.apache.calcite.test.MaterializationTest" time="0.055"/>
  <testcase name="testFilterQueryOnProjectView3" classname="org.apache.calcite.test.MaterializationTest" time="0.056"/>
  <testcase name="testFilterQueryOnProjectView4" classname="org.apache.calcite.test.MaterializationTest" time="0.013"/>
  <testcase name="testFilterQueryOnProjectView5" classname="org.apache.calcite.test.MaterializationTest" time="0.059"/>
  <testcase name="testFilterQueryOnProjectView6" classname="org.apache.calcite.test.MaterializationTest" time="0.016"/>
  <testcase name="testFilterQueryOnProjectView7" classname="org.apache.calcite.test.MaterializationTest" time="0.016"/>
  <testcase name="testFilterQueryOnProjectView8" classname="org.apache.calcite.test.MaterializationTest" time="0.064"/>
  <testcase name="testOrderByQueryOnOrderByView" classname="org.apache.calcite.test.MaterializationTest" time="0">
    <skipped/>
  </testcase>
  <testcase name="testFilter" classname="org.apache.calcite.test.MaterializationTest" time="0.066"/>
  <testcase name="testJoinOnUnionMaterialization" classname="org.apache.calcite.test.MaterializationTest" time="0">
    <skipped/>
  </testcase>
  <testcase name="testPartialUnion" classname="org.apache.calcite.test.MaterializationTest" time="0">
    <skipped/>
  </testcase>
  <testcase name="testJoinMaterialization2" classname="org.apache.calcite.test.MaterializationTest" time="0.064"/>
  <testcase name="testAggregateProject" classname="org.apache.calcite.test.MaterializationTest" time="0">
    <skipped message="work in progress"/>
  </testcase>
</testsuite>