<?xml version="1.0" encoding="UTF-8"?>
<testsuite name="org.apache.calcite.test.CalciteSqlOperatorTest" time="22.985" tests="161" errors="0" skipped="1" failures="0">
  <properties>
    <property name="idea.version" value="15.0.1"/>
    <property name="java.runtime.name" value="OpenJDK Runtime Environment"/>
    <property name="sun.boot.library.path" value="/usr/lib/jvm/java-1.8.0-openjdk-1.8.0.65-4.b17.fc23.x86_64/jre/lib/amd64"/>
    <property name="java.vm.version" value="25.65-b01"/>
    <property name="java.vm.vendor" value="Oracle Corporation"/>
    <property name="java.vendor.url" value="http://java.oracle.com/"/>
    <property name="path.separator" value=":"/>
    <property name="guice.disable.misplaced.annotation.check" value="true"/>
    <property name="java.vm.name" value="OpenJDK 64-Bit Server VM"/>
    <property name="file.encoding.pkg" value="sun.io"/>
    <property name="idea.launcher.port" value="7533"/>
    <property name="user.country" value="KR"/>
    <property name="sun.java.launcher" value="SUN_STANDARD"/>
    <property name="sun.os.patch.level" value="unknown"/>
    <property name="java.vm.specification.name" value="Java Virtual Machine Specification"/>
    <property name="user.dir" value="/home/bylee/calcite-elasticsearch"/>
    <property name="java.runtime.version" value="1.8.0_65-b17"/>
    <property name="java.awt.graphicsenv" value="sun.awt.X11GraphicsEnvironment"/>
    <property name="java.endorsed.dirs" value="/usr/lib/jvm/java-1.8.0-openjdk-1.8.0.65-4.b17.fc23.x86_64/jre/lib/endorsed"/>
    <property name="os.arch" value="amd64"/>
    <property name="java.io.tmpdir" value="/tmp"/>
    <property name="line.separator" value="&#10;"/>
    <property name="java.vm.specification.vendor" value="Oracle Corporation"/>
    <property name="os.name" value="Linux"/>
    <property name="classworlds.conf" value="/home/bylee/idea-IC-143.382.35/plugins/maven/lib/maven3/bin/m2.conf"/>
    <property name="sun.jnu.encoding" value="UTF-8"/>
    <property name="java.library.path" value=".::/usr/java/packages/lib/amd64:/usr/lib64:/lib64:/lib:/usr/lib"/>
    <property name="java.specification.name" value="Java Platform API Specification"/>
    <property name="java.class.version" value="52.0"/>
    <property name="sun.management.compiler" value="HotSpot 64-Bit Tiered Compilers"/>
    <property name="os.version" value="4.2.3-300.fc23.x86_64"/>
    <property name="user.home" value="/home/bylee"/>
    <property name="user.timezone" value="Asia/Seoul"/>
    <property name="java.awt.printerjob" value="sun.print.PSPrinterJob"/>
    <property name="java.specification.version" value="1.8"/>
    <property name="idea.launcher.bin.path" value="/home/bylee/idea-IC-143.382.35/bin"/>
    <property name="file.encoding" value="UTF-8"/>
    <property name="user.name" value="bylee"/>
    <property name="java.class.path" value="/home/bylee/idea-IC-143.382.35/plugins/maven/lib/maven3/boot/plexus-classworlds-2.4.jar:/home/bylee/idea-IC-143.382.35/lib/idea_rt.jar"/>
    <property name="java.vm.specification.version" value="1.8"/>
    <property name="sun.arch.data.model" value="64"/>
    <property name="java.home" value="/usr/lib/jvm/java-1.8.0-openjdk-1.8.0.65-4.b17.fc23.x86_64/jre"/>
    <property name="sun.java.command" value="com.intellij.rt.execution.application.AppMain org.codehaus.classworlds.Launcher -Didea.version=15.0.1 package"/>
    <property name="java.specification.vendor" value="Oracle Corporation"/>
    <property name="user.language" value="ko"/>
    <property name="awt.toolkit" value="sun.awt.X11.XToolkit"/>
    <property name="java.vm.info" value="mixed mode"/>
    <property name="java.version" value="1.8.0_65"/>
    <property name="java.ext.dirs" value="/usr/lib/jvm/java-1.8.0-openjdk-1.8.0.65-4.b17.fc23.x86_64/jre/lib/ext:/usr/java/packages/lib/ext"/>
    <property name="securerandom.source" value="file:/dev/./urandom"/>
    <property name="sun.boot.class.path" value="/usr/lib/jvm/java-1.8.0-openjdk-1.8.0.65-4.b17.fc23.x86_64/jre/lib/resources.jar:/usr/lib/jvm/java-1.8.0-openjdk-1.8.0.65-4.b17.fc23.x86_64/jre/lib/rt.jar:/usr/lib/jvm/java-1.8.0-openjdk-1.8.0.65-4.b17.fc23.x86_64/jre/lib/sunrsasign.jar:/usr/lib/jvm/java-1.8.0-openjdk-1.8.0.65-4.b17.fc23.x86_64/jre/lib/jsse.jar:/usr/lib/jvm/java-1.8.0-openjdk-1.8.0.65-4.b17.fc23.x86_64/jre/lib/jce.jar:/usr/lib/jvm/java-1.8.0-openjdk-1.8.0.65-4.b17.fc23.x86_64/jre/lib/charsets.jar:/usr/lib/jvm/java-1.8.0-openjdk-1.8.0.65-4.b17.fc23.x86_64/jre/lib/jfr.jar:/usr/lib/jvm/java-1.8.0-openjdk-1.8.0.65-4.b17.fc23.x86_64/jre/classes"/>
    <property name="java.vendor" value="Oracle Corporation"/>
    <property name="maven.home" value="/home/bylee/idea-IC-143.382.35/plugins/maven/lib/maven3"/>
    <property name="file.separator" value="/"/>
    <property name="java.vendor.url.bug" value="http://bugreport.sun.com/bugreport/"/>
    <property name="sun.cpu.endian" value="little"/>
    <property name="sun.io.unicode.encoding" value="UnicodeLittle"/>
    <property name="sun.desktop" value="gnome"/>
    <property name="sun.cpu.isalist" value=""/>
  </properties>
  <testcase name="testIsNotDistinctFromOperator" classname="org.apache.calcite.test.CalciteSqlOperatorTest" time="0.222"/>
  <testcase name="testCastToExactNumeric" classname="org.apache.calcite.test.CalciteSqlOperatorTest" time="0.378"/>
  <testcase name="testGreaterThanOperatorIntervals" classname="org.apache.calcite.test.CalciteSqlOperatorTest" time="0.211"/>
  <testcase name="testTrimFunc" classname="org.apache.calcite.test.CalciteSqlOperatorTest" time="0.121"/>
  <testcase name="testVarSampFunc" classname="org.apache.calcite.test.CalciteSqlOperatorTest" time="0.004"/>
  <testcase name="testPercentRankFunc" classname="org.apache.calcite.test.CalciteSqlOperatorTest" time="0"/>
  <testcase name="testCharacterLengthFunc" classname="org.apache.calcite.test.CalciteSqlOperatorTest" time="0.024"/>
  <testcase name="testPrefixPlusOperatorIntervals" classname="org.apache.calcite.test.CalciteSqlOperatorTest" time="0.057"/>
  <testcase name="testMultiplyOperator" classname="org.apache.calcite.test.CalciteSqlOperatorTest" time="0.227"/>
  <testcase name="testPrefixMinusOperator" classname="org.apache.calcite.test.CalciteSqlOperatorTest" time="0.083"/>
  <testcase name="testPlusOperator" classname="org.apache.calcite.test.CalciteSqlOperatorTest" time="0.266"/>
  <testcase name="testRowNumberFunc" classname="org.apache.calcite.test.CalciteSqlOperatorTest" time="0"/>
  <testcase name="testIsNotFalseOperator" classname="org.apache.calcite.test.CalciteSqlOperatorTest" time="0.052"/>
  <testcase name="testCeilFuncDateTime" classname="org.apache.calcite.test.CalciteSqlOperatorTest" time="0.191"/>
  <testcase name="testConvertFunc" classname="org.apache.calcite.test.CalciteSqlOperatorTest" time="0"/>
  <testcase name="testEqualsOperator" classname="org.apache.calcite.test.CalciteSqlOperatorTest" time="0.362"/>
  <testcase name="testTranslateFunc" classname="org.apache.calcite.test.CalciteSqlOperatorTest" time="0"/>
  <testcase name="testExpFunc" classname="org.apache.calcite.test.CalciteSqlOperatorTest" time="0.079"/>
  <testcase name="testExtractFuncFromDateTime" classname="org.apache.calcite.test.CalciteSqlOperatorTest" time="0.185"/>
  <testcase name="testStddevSampFunc" classname="org.apache.calcite.test.CalciteSqlOperatorTest" time="0.001"/>
  <testcase name="testCastStringToDecimal" classname="org.apache.calcite.test.CalciteSqlOperatorTest" time="0"/>
  <testcase name="testLocalTimeFunc" classname="org.apache.calcite.test.CalciteSqlOperatorTest" time="0.076"/>
  <testcase name="testEscapeOperator" classname="org.apache.calcite.test.CalciteSqlOperatorTest" time="0"/>
  <testcase name="testGreaterThanOrEqualOperator" classname="org.apache.calcite.test.CalciteSqlOperatorTest" time="0.826"/>
  <testcase name="testAbsFunc" classname="org.apache.calcite.test.CalciteSqlOperatorTest" time="0.725"/>
  <testcase name="testExplicitTableOperator" classname="org.apache.calcite.test.CalciteSqlOperatorTest" time="0"/>
  <testcase name="testInOperator" classname="org.apache.calcite.test.CalciteSqlOperatorTest" time="0.591"/>
  <testcase name="testCastApproxNumericLimits" classname="org.apache.calcite.test.CalciteSqlOperatorTest" time="0"/>
  <testcase name="testGreaterThanOrEqualOperatorIntervals" classname="org.apache.calcite.test.CalciteSqlOperatorTest" time="0.166"/>
  <testcase name="testRow" classname="org.apache.calcite.test.CalciteSqlOperatorTest" time="0"/>
  <testcase name="testOrOperator" classname="org.apache.calcite.test.CalciteSqlOperatorTest" time="0.082"/>
  <testcase name="testSessionUserFunc" classname="org.apache.calcite.test.CalciteSqlOperatorTest" time="0.011"/>
  <testcase name="testCovarSampFunc" classname="org.apache.calcite.test.CalciteSqlOperatorTest" time="0.008"/>
  <testcase name="testDummy" classname="org.apache.calcite.test.CalciteSqlOperatorTest" time="0"/>
  <testcase name="testIsNotUnknownOperator" classname="org.apache.calcite.test.CalciteSqlOperatorTest" time="0.057"/>
  <testcase name="testCastIntervalToNumeric" classname="org.apache.calcite.test.CalciteSqlOperatorTest" time="0"/>
  <testcase name="testLocalTimestampFunc" classname="org.apache.calcite.test.CalciteSqlOperatorTest" time="0.067"/>
  <testcase name="testCase" classname="org.apache.calcite.test.CalciteSqlOperatorTest" time="0.33"/>
  <testcase name="testOverlayFunc" classname="org.apache.calcite.test.CalciteSqlOperatorTest" time="0.197"/>
  <testcase name="testFloorFunc" classname="org.apache.calcite.test.CalciteSqlOperatorTest" time="0.143"/>
  <testcase name="testNullIfOperatorIntervals" classname="org.apache.calcite.test.CalciteSqlOperatorTest" time="0.02"/>
  <testcase name="testAvgFunc" classname="org.apache.calcite.test.CalciteSqlOperatorTest" time="0.002"/>
  <testcase name="testLessThanOrEqualOperatorInterval" classname="org.apache.calcite.test.CalciteSqlOperatorTest" time="0.158"/>
  <testcase name="testFloorFuncDateTime" classname="org.apache.calcite.test.CalciteSqlOperatorTest" time="0.109"/>
  <testcase name="testCurrentPathFunc" classname="org.apache.calcite.test.CalciteSqlOperatorTest" time="0.02"/>
  <testcase name="testLiteralBeyondLimit" classname="org.apache.calcite.test.CalciteSqlOperatorTest" time="0.009"/>
  <testcase name="testLiteralChain" classname="org.apache.calcite.test.CalciteSqlOperatorTest" time="0.089"/>
  <testcase name="testCastWithRoundingToScalar" classname="org.apache.calcite.test.CalciteSqlOperatorTest" time="0.034"/>
  <testcase name="testFirstValueFunc" classname="org.apache.calcite.test.CalciteSqlOperatorTest" time="0"/>
  <testcase name="testNotOperator" classname="org.apache.calcite.test.CalciteSqlOperatorTest" time="0.082"/>
  <testcase name="testLastValueFunc" classname="org.apache.calcite.test.CalciteSqlOperatorTest" time="0"/>
  <testcase name="testAbsFuncIntervals" classname="org.apache.calcite.test.CalciteSqlOperatorTest" time="0.054"/>
  <testcase name="testCumeDistFunc" classname="org.apache.calcite.test.CalciteSqlOperatorTest" time="0"/>
  <testcase name="testLikeEscape2" classname="org.apache.calcite.test.CalciteSqlOperatorTest" time="0">
    <skipped message="[CALCITE-525] Exception-handling in built-in functions"/>
  </testcase>
  <testcase name="testBetween" classname="org.apache.calcite.test.CalciteSqlOperatorTest" time="0.406"/>
  <testcase name="testExistsOperator" classname="org.apache.calcite.test.CalciteSqlOperatorTest" time="0"/>
  <testcase name="testMinusDateOperator" classname="org.apache.calcite.test.CalciteSqlOperatorTest" time="0"/>
  <testcase name="testOrOperatorLazy" classname="org.apache.calcite.test.CalciteSqlOperatorTest" time="0.054"/>
  <testcase name="testInitcapFunc" classname="org.apache.calcite.test.CalciteSqlOperatorTest" time="0.1"/>
  <testcase name="testCurrentDateFunc" classname="org.apache.calcite.test.CalciteSqlOperatorTest" time="0.137"/>
  <testcase name="testCharLengthFunc" classname="org.apache.calcite.test.CalciteSqlOperatorTest" time="0.034"/>
  <testcase name="testCeilFunc" classname="org.apache.calcite.test.CalciteSqlOperatorTest" time="0.109"/>
  <testcase name="testDenseRankFunc" classname="org.apache.calcite.test.CalciteSqlOperatorTest" time="0"/>
  <testcase name="testCastToInterval" classname="org.apache.calcite.test.CalciteSqlOperatorTest" time="0"/>
  <testcase name="testSqrtFunc" classname="org.apache.calcite.test.CalciteSqlOperatorTest" time="0.069"/>
  <testcase name="testLessThanOrEqualOperator" classname="org.apache.calcite.test.CalciteSqlOperatorTest" time="0.329"/>
  <testcase name="testCastExactNumericLimits" classname="org.apache.calcite.test.CalciteSqlOperatorTest" time="0.051"/>
  <testcase name="testDatePlusInterval" classname="org.apache.calcite.test.CalciteSqlOperatorTest" time="0.05"/>
  <testcase name="testCastDateTime" classname="org.apache.calcite.test.CalciteSqlOperatorTest" time="0.246"/>
  <testcase name="testLogFunc" classname="org.apache.calcite.test.CalciteSqlOperatorTest" time="0.1"/>
  <testcase name="testNotInOperator" classname="org.apache.calcite.test.CalciteSqlOperatorTest" time="0.04"/>
  <testcase name="testCurrentTimeFunc" classname="org.apache.calcite.test.CalciteSqlOperatorTest" time="0.063"/>
  <testcase name="testConcatOperator" classname="org.apache.calcite.test.CalciteSqlOperatorTest" time="0.102"/>
  <testcase name="testElementFunc" classname="org.apache.calcite.test.CalciteSqlOperatorTest" time="0"/>
  <testcase name="testCastTruncates" classname="org.apache.calcite.test.CalciteSqlOperatorTest" time="0.072"/>
  <testcase name="testModFuncDivByZero" classname="org.apache.calcite.test.CalciteSqlOperatorTest" time="0.001"/>
  <testcase name="testLowerFunc" classname="org.apache.calcite.test.CalciteSqlOperatorTest" time="0.081"/>
  <testcase name="testAndOperator" classname="org.apache.calcite.test.CalciteSqlOperatorTest" time="0.098"/>
  <testcase name="testCardinalityFunc" classname="org.apache.calcite.test.CalciteSqlOperatorTest" time="0"/>
  <testcase name="testLikeOperator" classname="org.apache.calcite.test.CalciteSqlOperatorTest" time="0.248"/>
  <testcase name="testFusionFunc" classname="org.apache.calcite.test.CalciteSqlOperatorTest" time="0"/>
  <testcase name="testLessThanOperatorInterval" classname="org.apache.calcite.test.CalciteSqlOperatorTest" time="0"/>
  <testcase name="testQuarter" classname="org.apache.calcite.test.CalciteSqlOperatorTest" time="0.253"/>
  <testcase name="testLiteralAtLimit" classname="org.apache.calcite.test.CalciteSqlOperatorTest" time="0"/>
  <testcase name="testCastDecimalToDoubleToInteger" classname="org.apache.calcite.test.CalciteSqlOperatorTest" time="0.027"/>
  <testcase name="testUserFunc" classname="org.apache.calcite.test.CalciteSqlOperatorTest" time="0.019"/>
  <testcase name="testMaxFunc" classname="org.apache.calcite.test.CalciteSqlOperatorTest" time="0.003"/>
  <testcase name="testCovarPopFunc" classname="org.apache.calcite.test.CalciteSqlOperatorTest" time="0.001"/>
  <testcase name="testMapValueConstructor" classname="org.apache.calcite.test.CalciteSqlOperatorTest" time="0.025"/>
  <testcase name="testPrefixPlusOperator" classname="org.apache.calcite.test.CalciteSqlOperatorTest" time="0.07"/>
  <testcase name="testIsNotTrueOperator" classname="org.apache.calcite.test.CalciteSqlOperatorTest" time="0.049"/>
  <testcase name="testPrefixMinusOperatorIntervals" classname="org.apache.calcite.test.CalciteSqlOperatorTest" time="0.056"/>
  <testcase name="testCastToString" classname="org.apache.calcite.test.CalciteSqlOperatorTest" time="2.074"/>
  <testcase name="testMinFunc" classname="org.apache.calcite.test.CalciteSqlOperatorTest" time="0.002"/>
  <testcase name="testLessThanOperator" classname="org.apache.calcite.test.CalciteSqlOperatorTest" time="0.397"/>
  <testcase name="testVarPopFunc" classname="org.apache.calcite.test.CalciteSqlOperatorTest" time="0.005"/>
  <testcase name="testCaseNull" classname="org.apache.calcite.test.CalciteSqlOperatorTest" time="0.044"/>
  <testcase name="testCaseType" classname="org.apache.calcite.test.CalciteSqlOperatorTest" time="0.003"/>
  <testcase name="testCastNull" classname="org.apache.calcite.test.CalciteSqlOperatorTest" time="0.153"/>
  <testcase name="testIsNotNullOperator" classname="org.apache.calcite.test.CalciteSqlOperatorTest" time="0.027"/>
  <testcase name="testNotSimilarToOperator" classname="org.apache.calcite.test.CalciteSqlOperatorTest" time="0.142"/>
  <testcase name="testIsASetOperator" classname="org.apache.calcite.test.CalciteSqlOperatorTest" time="0"/>
  <testcase name="testSubstringFunction" classname="org.apache.calcite.test.CalciteSqlOperatorTest" time="0.043"/>
  <testcase name="testNotEqualsOperatorIntervals" classname="org.apache.calcite.test.CalciteSqlOperatorTest" time="0.053"/>
  <testcase name="testModFunc" classname="org.apache.calcite.test.CalciteSqlOperatorTest" time="0.13"/>
  <testcase name="testDivideOperator" classname="org.apache.calcite.test.CalciteSqlOperatorTest" time="0.123"/>
  <testcase name="testUpperFunc" classname="org.apache.calcite.test.CalciteSqlOperatorTest" time="0.104"/>
  <testcase name="testMultiplyIntervals" classname="org.apache.calcite.test.CalciteSqlOperatorTest" time="0.096"/>
  <testcase name="testRankFunc" classname="org.apache.calcite.test.CalciteSqlOperatorTest" time="0"/>
  <testcase name="testArgumentBounds" classname="org.apache.calcite.test.CalciteSqlOperatorTest" time="0"/>
  <testcase name="testCastToApproxNumeric" classname="org.apache.calcite.test.CalciteSqlOperatorTest" time="0.166"/>
  <testcase name="testAndOperatorLazy" classname="org.apache.calcite.test.CalciteSqlOperatorTest" time="0.008"/>
  <testcase name="testPositionFunc" classname="org.apache.calcite.test.CalciteSqlOperatorTest" time="0.135"/>
  <testcase name="testDivideOperatorIntervals" classname="org.apache.calcite.test.CalciteSqlOperatorTest" time="0.125"/>
  <testcase name="testCastIntervalToInterval" classname="org.apache.calcite.test.CalciteSqlOperatorTest" time="0"/>
  <testcase name="testCastToBoolean" classname="org.apache.calcite.test.CalciteSqlOperatorTest" time="0.211"/>
  <testcase name="testExtractFunc" classname="org.apache.calcite.test.CalciteSqlOperatorTest" time="0.149"/>
  <testcase name="testPlusIntervalOperator" classname="org.apache.calcite.test.CalciteSqlOperatorTest" time="0.13"/>
  <testcase name="testCollectFunc" classname="org.apache.calcite.test.CalciteSqlOperatorTest" time="0.033"/>
  <testcase name="testMinusOperator" classname="org.apache.calcite.test.CalciteSqlOperatorTest" time="0.244"/>
  <testcase name="testCurrentTimestampFunc" classname="org.apache.calcite.test.CalciteSqlOperatorTest" time="0.142"/>
  <testcase name="testSystemUserFunc" classname="org.apache.calcite.test.CalciteSqlOperatorTest" time="0.026"/>
  <testcase name="testMinusIntervalOperator" classname="org.apache.calcite.test.CalciteSqlOperatorTest" time="0.151"/>
  <testcase name="testNotEqualsOperator" classname="org.apache.calcite.test.CalciteSqlOperatorTest" time="0.097"/>
  <testcase name="testCeilFuncInterval" classname="org.apache.calcite.test.CalciteSqlOperatorTest" time="0"/>
  <testcase name="testSimilarToOperator" classname="org.apache.calcite.test.CalciteSqlOperatorTest" time="2.843"/>
  <testcase name="testEqualsOperatorInterval" classname="org.apache.calcite.test.CalciteSqlOperatorTest" time="0.082"/>
  <testcase name="testCoalesceFunc" classname="org.apache.calcite.test.CalciteSqlOperatorTest" time="0.046"/>
  <testcase name="testArrayValueConstructor" classname="org.apache.calcite.test.CalciteSqlOperatorTest" time="0.03"/>
  <testcase name="testStddevPopFunc" classname="org.apache.calcite.test.CalciteSqlOperatorTest" time="0.004"/>
  <testcase name="testItemOp" classname="org.apache.calcite.test.CalciteSqlOperatorTest" time="0.225"/>
  <testcase name="testJdbcFn" classname="org.apache.calcite.test.CalciteSqlOperatorTest" time="0.261"/>
  <testcase name="testOverlapsOperator" classname="org.apache.calcite.test.CalciteSqlOperatorTest" time="0"/>
  <testcase name="testCastStringToDateTime" classname="org.apache.calcite.test.CalciteSqlOperatorTest" time="2.011"/>
  <testcase name="testPowerFunc" classname="org.apache.calcite.test.CalciteSqlOperatorTest" time="0.053"/>
  <testcase name="testLnFunc" classname="org.apache.calcite.test.CalciteSqlOperatorTest" time="1.335"/>
  <testcase name="testIsFalseOperator" classname="org.apache.calcite.test.CalciteSqlOperatorTest" time="0.029"/>
  <testcase name="testIsTrueOperator" classname="org.apache.calcite.test.CalciteSqlOperatorTest" time="0.075"/>
  <testcase name="testValuesOperator" classname="org.apache.calcite.test.CalciteSqlOperatorTest" time="0.015"/>
  <testcase name="testIsNullOperator" classname="org.apache.calcite.test.CalciteSqlOperatorTest" time="0.026"/>
  <testcase name="testSelect" classname="org.apache.calcite.test.CalciteSqlOperatorTest" time="0.003"/>
  <testcase name="testGreaterThanOperator" classname="org.apache.calcite.test.CalciteSqlOperatorTest" time="0.435"/>
  <testcase name="testAndOperator2" classname="org.apache.calcite.test.CalciteSqlOperatorTest" time="0.076"/>
  <testcase name="testModFuncNull" classname="org.apache.calcite.test.CalciteSqlOperatorTest" time="0.033"/>
  <testcase name="testRegrSxxFunc" classname="org.apache.calcite.test.CalciteSqlOperatorTest" time="0.002"/>
  <testcase name="testCurrentRoleFunc" classname="org.apache.calcite.test.CalciteSqlOperatorTest" time="0.013"/>
  <testcase name="testCurrentUserFunc" classname="org.apache.calcite.test.CalciteSqlOperatorTest" time="0.021"/>
  <testcase name="testMemberOfOperator" classname="org.apache.calcite.test.CalciteSqlOperatorTest" time="0"/>
  <testcase name="testWindow" classname="org.apache.calcite.test.CalciteSqlOperatorTest" time="0"/>
  <testcase name="testRegrSyyFunc" classname="org.apache.calcite.test.CalciteSqlOperatorTest" time="0.001"/>
  <testcase name="testNullifFunc" classname="org.apache.calcite.test.CalciteSqlOperatorTest" time="0.323"/>
  <testcase name="testNotLikeOperator" classname="org.apache.calcite.test.CalciteSqlOperatorTest" time="0.017"/>
  <testcase name="testPlusOperatorAny" classname="org.apache.calcite.test.CalciteSqlOperatorTest" time="0.021"/>
  <testcase name="testCountFunc" classname="org.apache.calcite.test.CalciteSqlOperatorTest" time="0.215"/>
  <testcase name="testSumFunc" classname="org.apache.calcite.test.CalciteSqlOperatorTest" time="0.023"/>
  <testcase name="testIsDistinctFromOperator" classname="org.apache.calcite.test.CalciteSqlOperatorTest" time="0.196"/>
  <testcase name="testLikeEscape" classname="org.apache.calcite.test.CalciteSqlOperatorTest" time="0.136"/>
  <testcase name="testDescendingOperator" classname="org.apache.calcite.test.CalciteSqlOperatorTest" time="0"/>
  <testcase name="testFloorFuncInterval" classname="org.apache.calcite.test.CalciteSqlOperatorTest" time="0"/>
  <testcase name="testIsUnknownOperator" classname="org.apache.calcite.test.CalciteSqlOperatorTest" time="0.083"/>
  <testcase name="testNotBetween" classname="org.apache.calcite.test.CalciteSqlOperatorTest" time="0.127"/>
</testsuite>