<?xml version="1.0" encoding="UTF-8"?>
<testsuite name="org.apache.calcite.sql.parser.SqlParserTest" time="0.952" tests="227" errors="0" skipped="4" failures="0">
  <properties>
    <property name="idea.version" value="15.0.1"/>
    <property name="java.runtime.name" value="OpenJDK Runtime Environment"/>
    <property name="sun.boot.library.path" value="/usr/lib/jvm/java-1.8.0-openjdk-1.8.0.65-4.b17.fc23.x86_64/jre/lib/amd64"/>
    <property name="java.vm.version" value="25.65-b01"/>
    <property name="java.vm.vendor" value="Oracle Corporation"/>
    <property name="java.vendor.url" value="http://java.oracle.com/"/>
    <property name="path.separator" value=":"/>
    <property name="guice.disable.misplaced.annotation.check" value="true"/>
    <property name="java.vm.name" value="OpenJDK 64-Bit Server VM"/>
    <property name="file.encoding.pkg" value="sun.io"/>
    <property name="idea.launcher.port" value="7533"/>
    <property name="user.country" value="KR"/>
    <property name="sun.java.launcher" value="SUN_STANDARD"/>
    <property name="sun.os.patch.level" value="unknown"/>
    <property name="java.vm.specification.name" value="Java Virtual Machine Specification"/>
    <property name="user.dir" value="/home/bylee/calcite-elasticsearch"/>
    <property name="java.runtime.version" value="1.8.0_65-b17"/>
    <property name="java.awt.graphicsenv" value="sun.awt.X11GraphicsEnvironment"/>
    <property name="java.endorsed.dirs" value="/usr/lib/jvm/java-1.8.0-openjdk-1.8.0.65-4.b17.fc23.x86_64/jre/lib/endorsed"/>
    <property name="os.arch" value="amd64"/>
    <property name="java.io.tmpdir" value="/tmp"/>
    <property name="line.separator" value="&#10;"/>
    <property name="java.vm.specification.vendor" value="Oracle Corporation"/>
    <property name="os.name" value="Linux"/>
    <property name="classworlds.conf" value="/home/bylee/idea-IC-143.382.35/plugins/maven/lib/maven3/bin/m2.conf"/>
    <property name="sun.jnu.encoding" value="UTF-8"/>
    <property name="java.library.path" value=".::/usr/java/packages/lib/amd64:/usr/lib64:/lib64:/lib:/usr/lib"/>
    <property name="java.specification.name" value="Java Platform API Specification"/>
    <property name="java.class.version" value="52.0"/>
    <property name="sun.management.compiler" value="HotSpot 64-Bit Tiered Compilers"/>
    <property name="os.version" value="4.2.3-300.fc23.x86_64"/>
    <property name="user.home" value="/home/bylee"/>
    <property name="user.timezone" value="Asia/Seoul"/>
    <property name="java.awt.printerjob" value="sun.print.PSPrinterJob"/>
    <property name="java.specification.version" value="1.8"/>
    <property name="idea.launcher.bin.path" value="/home/bylee/idea-IC-143.382.35/bin"/>
    <property name="file.encoding" value="UTF-8"/>
    <property name="user.name" value="bylee"/>
    <property name="java.class.path" value="/home/bylee/idea-IC-143.382.35/plugins/maven/lib/maven3/boot/plexus-classworlds-2.4.jar:/home/bylee/idea-IC-143.382.35/lib/idea_rt.jar"/>
    <property name="java.vm.specification.version" value="1.8"/>
    <property name="sun.arch.data.model" value="64"/>
    <property name="java.home" value="/usr/lib/jvm/java-1.8.0-openjdk-1.8.0.65-4.b17.fc23.x86_64/jre"/>
    <property name="sun.java.command" value="com.intellij.rt.execution.application.AppMain org.codehaus.classworlds.Launcher -Didea.version=15.0.1 package"/>
    <property name="java.specification.vendor" value="Oracle Corporation"/>
    <property name="user.language" value="ko"/>
    <property name="awt.toolkit" value="sun.awt.X11.XToolkit"/>
    <property name="java.vm.info" value="mixed mode"/>
    <property name="java.version" value="1.8.0_65"/>
    <property name="java.ext.dirs" value="/usr/lib/jvm/java-1.8.0-openjdk-1.8.0.65-4.b17.fc23.x86_64/jre/lib/ext:/usr/java/packages/lib/ext"/>
    <property name="securerandom.source" value="file:/dev/./urandom"/>
    <property name="sun.boot.class.path" value="/usr/lib/jvm/java-1.8.0-openjdk-1.8.0.65-4.b17.fc23.x86_64/jre/lib/resources.jar:/usr/lib/jvm/java-1.8.0-openjdk-1.8.0.65-4.b17.fc23.x86_64/jre/lib/rt.jar:/usr/lib/jvm/java-1.8.0-openjdk-1.8.0.65-4.b17.fc23.x86_64/jre/lib/sunrsasign.jar:/usr/lib/jvm/java-1.8.0-openjdk-1.8.0.65-4.b17.fc23.x86_64/jre/lib/jsse.jar:/usr/lib/jvm/java-1.8.0-openjdk-1.8.0.65-4.b17.fc23.x86_64/jre/lib/jce.jar:/usr/lib/jvm/java-1.8.0-openjdk-1.8.0.65-4.b17.fc23.x86_64/jre/lib/charsets.jar:/usr/lib/jvm/java-1.8.0-openjdk-1.8.0.65-4.b17.fc23.x86_64/jre/lib/jfr.jar:/usr/lib/jvm/java-1.8.0-openjdk-1.8.0.65-4.b17.fc23.x86_64/jre/classes"/>
    <property name="java.vendor" value="Oracle Corporation"/>
    <property name="maven.home" value="/home/bylee/idea-IC-143.382.35/plugins/maven/lib/maven3"/>
    <property name="file.separator" value="/"/>
    <property name="java.vendor.url.bug" value="http://bugreport.sun.com/bugreport/"/>
    <property name="sun.cpu.endian" value="little"/>
    <property name="sun.io.unicode.encoding" value="UnicodeLittle"/>
    <property name="sun.desktop" value="gnome"/>
    <property name="sun.cpu.isalist" value=""/>
  </properties>
  <testcase name="testUnparseableIntervalQualifiers" classname="org.apache.calcite.sql.parser.SqlParserTest" time="0.07"/>
  <testcase name="testIllegalUnicodeEscape" classname="org.apache.calcite.sql.parser.SqlParserTest" time="0.006"/>
  <testcase name="testStringLiteral" classname="org.apache.calcite.sql.parser.SqlParserTest" time="0.022"/>
  <testcase name="testArrayElement" classname="org.apache.calcite.sql.parser.SqlParserTest" time="0.001"/>
  <testcase name="testValuesExplicitRow" classname="org.apache.calcite.sql.parser.SqlParserTest" time="0"/>
  <testcase name="testUnionOfNonQueryFails" classname="org.apache.calcite.sql.parser.SqlParserTest" time="0.001"/>
  <testcase name="testWithNestedFails" classname="org.apache.calcite.sql.parser.SqlParserTest" time="0.025"/>
  <testcase name="testTabStop" classname="org.apache.calcite.sql.parser.SqlParserTest" time="0.015"/>
  <testcase name="testExplicitTableOrdered" classname="org.apache.calcite.sql.parser.SqlParserTest" time="0.001"/>
  <testcase name="testIsDistinctFrom" classname="org.apache.calcite.sql.parser.SqlParserTest" time="0.003"/>
  <testcase name="testDerivedColumnListInJoin" classname="org.apache.calcite.sql.parser.SqlParserTest" time="0.004"/>
  <testcase name="testBooleanPrecedenceAndAssociativity" classname="org.apache.calcite.sql.parser.SqlParserTest" time="0.002"/>
  <testcase name="testSchemaTableStar" classname="org.apache.calcite.sql.parser.SqlParserTest" time="0.002"/>
  <testcase name="testJoinOnParenthesesPlus" classname="org.apache.calcite.sql.parser.SqlParserTest" time="0"/>
  <testcase name="testDeleteWhere" classname="org.apache.calcite.sql.parser.SqlParserTest" time="0"/>
  <testcase name="testExplain" classname="org.apache.calcite.sql.parser.SqlParserTest" time="0.001"/>
  <testcase name="testExtract" classname="org.apache.calcite.sql.parser.SqlParserTest" time="0.002"/>
  <testcase name="testMergeTableRefSource" classname="org.apache.calcite.sql.parser.SqlParserTest" time="0.002"/>
  <testcase name="testFunctionDefaultArgument" classname="org.apache.calcite.sql.parser.SqlParserTest" time="0.018"/>
  <testcase name="testNewSpecification" classname="org.apache.calcite.sql.parser.SqlParserTest" time="0.002"/>
  <testcase name="testEmbeddedCall" classname="org.apache.calcite.sql.parser.SqlParserTest" time="0">
    <skipped/>
  </testcase>
  <testcase name="testEmbeddedDate" classname="org.apache.calcite.sql.parser.SqlParserTest" time="0.006"/>
  <testcase name="testEmbeddedTime" classname="org.apache.calcite.sql.parser.SqlParserTest" time="0.001"/>
  <testcase name="testExistsInWhere" classname="org.apache.calcite.sql.parser.SqlParserTest" time="0.019"/>
  <testcase name="testFunctionInFunction" classname="org.apache.calcite.sql.parser.SqlParserTest" time="0.001"/>
  <testcase name="testOverlay" classname="org.apache.calcite.sql.parser.SqlParserTest" time="0"/>
  <testcase name="testParseNumber" classname="org.apache.calcite.sql.parser.SqlParserTest" time="0.004"/>
  <testcase name="testIsBooleanPrecedenceAndAssociativity" classname="org.apache.calcite.sql.parser.SqlParserTest" time="0.005"/>
  <testcase name="testSubMultisetrOf" classname="org.apache.calcite.sql.parser.SqlParserTest" time="0"/>
  <testcase name="testSqlInlineComment" classname="org.apache.calcite.sql.parser.SqlParserTest" time="0.001"/>
  <testcase name="testFoo" classname="org.apache.calcite.sql.parser.SqlParserTest" time="0"/>
  <testcase name="testNot" classname="org.apache.calcite.sql.parser.SqlParserTest" time="0.002"/>
  <testcase name="testRow" classname="org.apache.calcite.sql.parser.SqlParserTest" time="0.014"/>
  <testcase name="testEmbeddedTimestamp" classname="org.apache.calcite.sql.parser.SqlParserTest" time="0"/>
  <testcase name="testCaseExpression" classname="org.apache.calcite.sql.parser.SqlParserTest" time="0.016"/>
  <testcase name="testCollectionTableWithCursorParam" classname="org.apache.calcite.sql.parser.SqlParserTest" time="0.001"/>
  <testcase name="testTimeDate" classname="org.apache.calcite.sql.parser.SqlParserTest" time="0.01"/>
  <testcase name="testMultilineComment" classname="org.apache.calcite.sql.parser.SqlParserTest" time="0.004"/>
  <testcase name="testDerivedColumnListNoAs" classname="org.apache.calcite.sql.parser.SqlParserTest" time="0">
    <skipped/>
  </testcase>
  <testcase name="testPrecedenceSetOps" classname="org.apache.calcite.sql.parser.SqlParserTest" time="0.003"/>
  <testcase name="testCatalogSchemaTableStar" classname="org.apache.calcite.sql.parser.SqlParserTest" time="0.001"/>
  <testcase name="testSelectStream" classname="org.apache.calcite.sql.parser.SqlParserTest" time="0"/>
  <testcase name="testFloor" classname="org.apache.calcite.sql.parser.SqlParserTest" time="0.007"/>
  <testcase name="testGroup" classname="org.apache.calcite.sql.parser.SqlParserTest" time="0.001"/>
  <testcase name="testLimit" classname="org.apache.calcite.sql.parser.SqlParserTest" time="0.002"/>
  <testcase name="testOrder" classname="org.apache.calcite.sql.parser.SqlParserTest" time="0.001"/>
  <testcase name="testUnion" classname="org.apache.calcite.sql.parser.SqlParserTest" time="0.001"/>
  <testcase name="testWhere" classname="org.apache.calcite.sql.parser.SqlParserTest" time="0"/>
  <testcase name="testWith2" classname="org.apache.calcite.sql.parser.SqlParserTest" time="0.002"/>
  <testcase name="testCast" classname="org.apache.calcite.sql.parser.SqlParserTest" time="0.013"/>
  <testcase name="testOver" classname="org.apache.calcite.sql.parser.SqlParserTest" time="0.024"/>
  <testcase name="testStar" classname="org.apache.calcite.sql.parser.SqlParserTest" time="0.001"/>
  <testcase name="testTrim" classname="org.apache.calcite.sql.parser.SqlParserTest" time="0.004"/>
  <testcase name="testWith" classname="org.apache.calcite.sql.parser.SqlParserTest" time="0.001"/>
  <testcase name="testDerivedColumnList" classname="org.apache.calcite.sql.parser.SqlParserTest" time="0"/>
  <testcase name="testSelectAll" classname="org.apache.calcite.sql.parser.SqlParserTest" time="0.001"/>
  <testcase name="testFullOuterJoin" classname="org.apache.calcite.sql.parser.SqlParserTest" time="0.001"/>
  <testcase name="testSubqueryInJoin" classname="org.apache.calcite.sql.parser.SqlParserTest" time="0"/>
  <testcase name="testFunctionWithDistinct" classname="org.apache.calcite.sql.parser.SqlParserTest" time="0.001"/>
  <testcase name="testNaturalCrossJoin" classname="org.apache.calcite.sql.parser.SqlParserTest" time="0.001"/>
  <testcase name="testBitStringNotImplemented" classname="org.apache.calcite.sql.parser.SqlParserTest" time="0.008"/>
  <testcase name="testSelectFromBareExplicitTableFails" classname="org.apache.calcite.sql.parser.SqlParserTest" time="0.028"/>
  <testcase name="testSelectStreamDistinct" classname="org.apache.calcite.sql.parser.SqlParserTest" time="0"/>
  <testcase name="testBackTickQuery" classname="org.apache.calcite.sql.parser.SqlParserTest" time="0.001"/>
  <testcase name="testAs" classname="org.apache.calcite.sql.parser.SqlParserTest" time="0.012"/>
  <testcase name="testParseNumberFails" classname="org.apache.calcite.sql.parser.SqlParserTest" time="0.004"/>
  <testcase name="testColumnAliasWithoutAs" classname="org.apache.calcite.sql.parser.SqlParserTest" time="0.008"/>
  <testcase name="testTableExtend" classname="org.apache.calcite.sql.parser.SqlParserTest" time="0.006"/>
  <testcase name="testInsertUnion" classname="org.apache.calcite.sql.parser.SqlParserTest" time="0.001"/>
  <testcase name="testExplicitTable" classname="org.apache.calcite.sql.parser.SqlParserTest" time="0.012"/>
  <testcase name="testCollectionTableWithColumnListParam" classname="org.apache.calcite.sql.parser.SqlParserTest" time="0.001"/>
  <testcase name="testIntervalLiterals" classname="org.apache.calcite.sql.parser.SqlParserTest" time="0.168"/>
  <testcase name="testInQueryWithComma" classname="org.apache.calcite.sql.parser.SqlParserTest" time="0.004"/>
  <testcase name="testMultisetExcept" classname="org.apache.calcite.sql.parser.SqlParserTest" time="0"/>
  <testcase name="testQuotedFunction" classname="org.apache.calcite.sql.parser.SqlParserTest" time="0.003"/>
  <testcase name="testBetween" classname="org.apache.calcite.sql.parser.SqlParserTest" time="0.056"/>
  <testcase name="testExceptionCleanup" classname="org.apache.calcite.sql.parser.SqlParserTest" time="0.003"/>
  <testcase name="testColumnAliasWithAs" classname="org.apache.calcite.sql.parser.SqlParserTest" time="0.001"/>
  <testcase name="testMultisetCast" classname="org.apache.calcite.sql.parser.SqlParserTest" time="0"/>
  <testcase name="testScalarQueryInSelect" classname="org.apache.calcite.sql.parser.SqlParserTest" time="0.001"/>
  <testcase name="testSelectList3" classname="org.apache.calcite.sql.parser.SqlParserTest" time="0"/>
  <testcase name="testSelectList4" classname="org.apache.calcite.sql.parser.SqlParserTest" time="0.003"/>
  <testcase name="testIllegalCursors" classname="org.apache.calcite.sql.parser.SqlParserTest" time="0.002"/>
  <testcase name="testInListEmptyFails" classname="org.apache.calcite.sql.parser.SqlParserTest" time="0.002"/>
  <testcase name="testTableSample" classname="org.apache.calcite.sql.parser.SqlParserTest" time="0.002"/>
  <testcase name="testSelectFromExplicitTable" classname="org.apache.calcite.sql.parser.SqlParserTest" time="0"/>
  <testcase name="testGroupByCube" classname="org.apache.calcite.sql.parser.SqlParserTest" time="0.001"/>
  <testcase name="testAggregateFilter" classname="org.apache.calcite.sql.parser.SqlParserTest" time="0"/>
  <testcase name="testFullInnerJoinFails" classname="org.apache.calcite.sql.parser.SqlParserTest" time="0.001"/>
  <testcase name="testUpsertSelect" classname="org.apache.calcite.sql.parser.SqlParserTest" time="0"/>
  <testcase name="testSqlOptions" classname="org.apache.calcite.sql.parser.SqlParserTest" time="0.014"/>
  <testcase name="testCastToInterval" classname="org.apache.calcite.sql.parser.SqlParserTest" time="0.001"/>
  <testcase name="testCoalesce" classname="org.apache.calcite.sql.parser.SqlParserTest" time="0.001"/>
  <testcase name="testJdbcFunctionCall" classname="org.apache.calcite.sql.parser.SqlParserTest" time="0.003"/>
  <testcase name="testLiteral" classname="org.apache.calcite.sql.parser.SqlParserTest" time="0.002"/>
  <testcase name="testAliasedStar" classname="org.apache.calcite.sql.parser.SqlParserTest" time="0"/>
  <testcase name="testUpsertValues" classname="org.apache.calcite.sql.parser.SqlParserTest" time="0"/>
  <testcase name="testOuterJoinNoiseWord" classname="org.apache.calcite.sql.parser.SqlParserTest" time="0"/>
  <testcase name="testReverseSolidus" classname="org.apache.calcite.sql.parser.SqlParserTest" time="0"/>
  <testcase name="testLikeAndSimilar" classname="org.apache.calcite.sql.parser.SqlParserTest" time="0.026"/>
  <testcase name="testMiscIntervalQualifier" classname="org.apache.calcite.sql.parser.SqlParserTest" time="0.001"/>
  <testcase name="testCharLength" classname="org.apache.calcite.sql.parser.SqlParserTest" time="0"/>
  <testcase name="testSelectDistinct" classname="org.apache.calcite.sql.parser.SqlParserTest" time="0"/>
  <testcase name="testExplainWithImpl" classname="org.apache.calcite.sql.parser.SqlParserTest" time="0"/>
  <testcase name="testExplainWithType" classname="org.apache.calcite.sql.parser.SqlParserTest" time="0.001"/>
  <testcase name="testOrderInternal" classname="org.apache.calcite.sql.parser.SqlParserTest" time="0"/>
  <testcase name="testPrecedence0" classname="org.apache.calcite.sql.parser.SqlParserTest" time="0.001"/>
  <testcase name="testPrecedence1" classname="org.apache.calcite.sql.parser.SqlParserTest" time="0"/>
  <testcase name="testPrecedence2" classname="org.apache.calcite.sql.parser.SqlParserTest" time="0"/>
  <testcase name="testPrecedence3" classname="org.apache.calcite.sql.parser.SqlParserTest" time="0"/>
  <testcase name="testPrecedence4" classname="org.apache.calcite.sql.parser.SqlParserTest" time="0"/>
  <testcase name="testPrecedence5" classname="org.apache.calcite.sql.parser.SqlParserTest" time="0.001"/>
  <testcase name="testElementFunc" classname="org.apache.calcite.sql.parser.SqlParserTest" time="0"/>
  <testcase name="testOrderUnion" classname="org.apache.calcite.sql.parser.SqlParserTest" time="0.001"/>
  <testcase name="testOrderOffsetFetch" classname="org.apache.calcite.sql.parser.SqlParserTest" time="0.01"/>
  <testcase name="testMapItemPrecedence" classname="org.apache.calcite.sql.parser.SqlParserTest" time="0.001"/>
  <testcase name="testMemberOf" classname="org.apache.calcite.sql.parser.SqlParserTest" time="0"/>
  <testcase name="testUnicodeEscapedLiteral" classname="org.apache.calcite.sql.parser.SqlParserTest" time="0.001"/>
  <testcase name="testJoinCross" classname="org.apache.calcite.sql.parser.SqlParserTest" time="0"/>
  <testcase name="testJoinQuery" classname="org.apache.calcite.sql.parser.SqlParserTest" time="0"/>
  <testcase name="testJoinUsing" classname="org.apache.calcite.sql.parser.SqlParserTest" time="0.001"/>
  <testcase name="testAddCarets" classname="org.apache.calcite.sql.parser.SqlParserTest" time="0"/>
  <testcase name="testCardinalityFunc" classname="org.apache.calcite.sql.parser.SqlParserTest" time="0"/>
  <testcase name="testMetadata" classname="org.apache.calcite.sql.parser.SqlParserTest" time="0"/>
  <testcase name="testLongIdentifiers" classname="org.apache.calcite.sql.parser.SqlParserTest" time="0.001"/>
  <testcase name="testHexAndBinaryString" classname="org.apache.calcite.sql.parser.SqlParserTest" time="0.002"/>
  <testcase name="testScalarQueryInWhere" classname="org.apache.calcite.sql.parser.SqlParserTest" time="0.001"/>
  <testcase name="testCaseExpressionFails" classname="org.apache.calcite.sql.parser.SqlParserTest" time="0"/>
  <testcase name="testMapItem" classname="org.apache.calcite.sql.parser.SqlParserTest" time="0"/>
  <testcase name="testOrderIllegalInExpression" classname="org.apache.calcite.sql.parser.SqlParserTest" time="0.001"/>
  <testcase name="testQueryInIllegalContext" classname="org.apache.calcite.sql.parser.SqlParserTest" time="0"/>
  <testcase name="testDateMinusDate" classname="org.apache.calcite.sql.parser.SqlParserTest" time="0.002"/>
  <testcase name="testMapValueConstructor" classname="org.apache.calcite.sql.parser.SqlParserTest" time="0.001"/>
  <testcase name="testIsBooleans" classname="org.apache.calcite.sql.parser.SqlParserTest" time="0.001"/>
  <testcase name="testJoinOnParentheses" classname="org.apache.calcite.sql.parser.SqlParserTest" time="0"/>
  <testcase name="testGroupEmpty" classname="org.apache.calcite.sql.parser.SqlParserTest" time="0.001"/>
  <testcase name="testOperateOnColumn" classname="org.apache.calcite.sql.parser.SqlParserTest" time="0.001"/>
  <testcase name="testOrderNullsFirst" classname="org.apache.calcite.sql.parser.SqlParserTest" time="0"/>
  <testcase name="testQuotesInString" classname="org.apache.calcite.sql.parser.SqlParserTest" time="0"/>
  <testcase name="testEmptyValues" classname="org.apache.calcite.sql.parser.SqlParserTest" time="0.036"/>
  <testcase name="testWindowInSubquery" classname="org.apache.calcite.sql.parser.SqlParserTest" time="0.001"/>
  <testcase name="testInnerOuterJoinFails" classname="org.apache.calcite.sql.parser.SqlParserTest" time="0.004"/>
  <testcase name="testMultisetMixed" classname="org.apache.calcite.sql.parser.SqlParserTest" time="0"/>
  <testcase name="testMultisetUnion" classname="org.apache.calcite.sql.parser.SqlParserTest" time="0.001"/>
  <testcase name="testAsAliases" classname="org.apache.calcite.sql.parser.SqlParserTest" time="0.005"/>
  <testcase name="testConvertAndTranslate" classname="org.apache.calcite.sql.parser.SqlParserTest" time="0.001"/>
  <testcase name="testJoinAssociativity" classname="org.apache.calcite.sql.parser.SqlParserTest" time="0">
    <skipped/>
  </testcase>
  <testcase name="testExplainWithoutImpl" classname="org.apache.calcite.sql.parser.SqlParserTest" time="0"/>
  <testcase name="testCollectionTable" classname="org.apache.calcite.sql.parser.SqlParserTest" time="0"/>
  <testcase name="testParensInFrom" classname="org.apache.calcite.sql.parser.SqlParserTest" time="0.025"/>
  <testcase name="testGroupingSets" classname="org.apache.calcite.sql.parser.SqlParserTest" time="0.002"/>
  <testcase name="testWindowReference" classname="org.apache.calcite.sql.parser.SqlParserTest" time="0"/>
  <testcase name="testGroupByCube2" classname="org.apache.calcite.sql.parser.SqlParserTest" time="0.006"/>
  <testcase name="testExplicitTableInJoin" classname="org.apache.calcite.sql.parser.SqlParserTest" time="0.001"/>
  <testcase name="testMinusPrefixInExpression" classname="org.apache.calcite.sql.parser.SqlParserTest" time="0"/>
  <testcase name="testArthimeticOperators" classname="org.apache.calcite.sql.parser.SqlParserTest" time="0.001"/>
  <testcase name="testGroupByRollup" classname="org.apache.calcite.sql.parser.SqlParserTest" time="0.006"/>
  <testcase name="testWindowSpec" classname="org.apache.calcite.sql.parser.SqlParserTest" time="0.014"/>
  <testcase name="testIntersect" classname="org.apache.calcite.sql.parser.SqlParserTest" time="0"/>
  <testcase name="testIsNotDistinct" classname="org.apache.calcite.sql.parser.SqlParserTest" time="0.001"/>
  <testcase name="testSubstring" classname="org.apache.calcite.sql.parser.SqlParserTest" time="0.001"/>
  <testcase name="testProcedureCall" classname="org.apache.calcite.sql.parser.SqlParserTest" time="0"/>
  <testcase name="testGrouping" classname="org.apache.calcite.sql.parser.SqlParserTest" time="0.001"/>
  <testcase name="testOverlaps" classname="org.apache.calcite.sql.parser.SqlParserTest" time="0.002"/>
  <testcase name="testConcat" classname="org.apache.calcite.sql.parser.SqlParserTest" time="0.001"/>
  <testcase name="testDelete" classname="org.apache.calcite.sql.parser.SqlParserTest" time="0"/>
  <testcase name="testBangEqualIsBad" classname="org.apache.calcite.sql.parser.SqlParserTest" time="0"/>
  <testcase name="testExcept" classname="org.apache.calcite.sql.parser.SqlParserTest" time="0.001"/>
  <testcase name="testExists" classname="org.apache.calcite.sql.parser.SqlParserTest" time="0.001"/>
  <testcase name="testFunctionNamedArgument" classname="org.apache.calcite.sql.parser.SqlParserTest" time="0.001"/>
  <testcase name="testMergeSelectSource" classname="org.apache.calcite.sql.parser.SqlParserTest" time="0.001"/>
  <testcase name="testInsertColumnList" classname="org.apache.calcite.sql.parser.SqlParserTest" time="0"/>
  <testcase name="testMultiset" classname="org.apache.calcite.sql.parser.SqlParserTest" time="0.001"/>
  <testcase name="testArrayValueConstructor" classname="org.apache.calcite.sql.parser.SqlParserTest" time="0"/>
  <testcase name="testWithNestedInSubquery" classname="org.apache.calcite.sql.parser.SqlParserTest" time="0"/>
  <testcase name="testInList" classname="org.apache.calcite.sql.parser.SqlParserTest" time="0.001"/>
  <testcase name="testIsASet" classname="org.apache.calcite.sql.parser.SqlParserTest" time="0.001"/>
  <testcase name="testWindowSpecPartial" classname="org.apache.calcite.sql.parser.SqlParserTest" time="0.001"/>
  <testcase name="testPosition" classname="org.apache.calcite.sql.parser.SqlParserTest" time="0"/>
  <testcase name="testJoinOn" classname="org.apache.calcite.sql.parser.SqlParserTest" time="0"/>
  <testcase name="testFromValues" classname="org.apache.calcite.sql.parser.SqlParserTest" time="0"/>
  <testcase name="testStringLiteralChain" classname="org.apache.calcite.sql.parser.SqlParserTest" time="0.001"/>
  <testcase name="testStringLiteralFails" classname="org.apache.calcite.sql.parser.SqlParserTest" time="0.005"/>
  <testcase name="testInQuery" classname="org.apache.calcite.sql.parser.SqlParserTest" time="0"/>
  <testcase name="testInSetop" classname="org.apache.calcite.sql.parser.SqlParserTest" time="0.001"/>
  <testcase name="testWithValues" classname="org.apache.calcite.sql.parser.SqlParserTest" time="0"/>
  <testcase name="testInvalidToken" classname="org.apache.calcite.sql.parser.SqlParserTest" time="0"/>
  <testcase name="testFromWithAs" classname="org.apache.calcite.sql.parser.SqlParserTest" time="0.001"/>
  <testcase name="testContinuedLiteral" classname="org.apache.calcite.sql.parser.SqlParserTest" time="0.001"/>
  <testcase name="testNotExists" classname="org.apache.calcite.sql.parser.SqlParserTest" time="0"/>
  <testcase name="testWithFails" classname="org.apache.calcite.sql.parser.SqlParserTest" time="0"/>
  <testcase name="testWithUnion" classname="org.apache.calcite.sql.parser.SqlParserTest" time="0.001"/>
  <testcase name="testNullIf" classname="org.apache.calcite.sql.parser.SqlParserTest" time="0.009"/>
  <testcase name="testFromValuesWithoutParens" classname="org.apache.calcite.sql.parser.SqlParserTest" time="0.003"/>
  <testcase name="testEmbeddedFunction" classname="org.apache.calcite.sql.parser.SqlParserTest" time="0">
    <skipped/>
  </testcase>
  <testcase name="testExplainInsert" classname="org.apache.calcite.sql.parser.SqlParserTest" time="0.001"/>
  <testcase name="testDateTimeCast" classname="org.apache.calcite.sql.parser.SqlParserTest" time="0.005"/>
  <testcase name="testMixedFrom" classname="org.apache.calcite.sql.parser.SqlParserTest" time="0.007"/>
  <testcase name="testMixedStar" classname="org.apache.calcite.sql.parser.SqlParserTest" time="0"/>
  <testcase name="testIntervalOperators" classname="org.apache.calcite.sql.parser.SqlParserTest" time="0.001"/>
  <testcase name="testCastFails" classname="org.apache.calcite.sql.parser.SqlParserTest" time="0"/>
  <testcase name="testHavingBeforeGroupFails" classname="org.apache.calcite.sql.parser.SqlParserTest" time="0.001"/>
  <testcase name="testUnicodeLiteral" classname="org.apache.calcite.sql.parser.SqlParserTest" time="0"/>
  <testcase name="testHavingAfterGroup" classname="org.apache.calcite.sql.parser.SqlParserTest" time="0.001"/>
  <testcase name="testInsertSelect" classname="org.apache.calcite.sql.parser.SqlParserTest" time="0"/>
  <testcase name="testUnnest" classname="org.apache.calcite.sql.parser.SqlParserTest" time="0.003"/>
  <testcase name="testUpdate" classname="org.apache.calcite.sql.parser.SqlParserTest" time="0"/>
  <testcase name="testValues" classname="org.apache.calcite.sql.parser.SqlParserTest" time="0.001"/>
  <testcase name="testIntervalArithmetics" classname="org.apache.calcite.sql.parser.SqlParserTest" time="0.002"/>
  <testcase name="testLimitUnion" classname="org.apache.calcite.sql.parser.SqlParserTest" time="0.001"/>
  <testcase name="testInsertValues" classname="org.apache.calcite.sql.parser.SqlParserTest" time="0"/>
  <testcase name="testNestedSelect" classname="org.apache.calcite.sql.parser.SqlParserTest" time="0"/>
  <testcase name="testBackTickIdentifier" classname="org.apache.calcite.sql.parser.SqlParserTest" time="0.023"/>
  <testcase name="testSelectList" classname="org.apache.calcite.sql.parser.SqlParserTest" time="0"/>
  <testcase name="testLiteralCollate" classname="org.apache.calcite.sql.parser.SqlParserTest" time="0"/>
  <testcase name="testExplainUpsert" classname="org.apache.calcite.sql.parser.SqlParserTest" time="0"/>
  <testcase name="testHavingNoGroup" classname="org.apache.calcite.sql.parser.SqlParserTest" time="0.001"/>
  <testcase name="testIdentifier" classname="org.apache.calcite.sql.parser.SqlParserTest" time="0"/>
  <testcase name="testMultisetIntersect" classname="org.apache.calcite.sql.parser.SqlParserTest" time="0"/>
  <testcase name="testBracketIdentifier" classname="org.apache.calcite.sql.parser.SqlParserTest" time="0.023"/>
  <testcase name="testHexAndBinaryStringFails" classname="org.apache.calcite.sql.parser.SqlParserTest" time="0.009"/>
  <testcase name="testEqualNotEqual" classname="org.apache.calcite.sql.parser.SqlParserTest" time="0"/>
  <testcase name="testSequence" classname="org.apache.calcite.sql.parser.SqlParserTest" time="0.002"/>
  <testcase name="testUnionOrder" classname="org.apache.calcite.sql.parser.SqlParserTest" time="0"/>
  <testcase name="testQueryInFrom" classname="org.apache.calcite.sql.parser.SqlParserTest" time="0.001"/>
  <testcase name="testFunction" classname="org.apache.calcite.sql.parser.SqlParserTest" time="0.001"/>
  <testcase name="testIntervalCompare" classname="org.apache.calcite.sql.parser.SqlParserTest" time="0"/>
</testsuite>