<?xml version="1.0" encoding="UTF-8"?>
<testsuite name="org.apache.calcite.test.SqlValidatorTest" time="2.19" tests="230" errors="0" skipped="1" failures="0">
  <properties>
    <property name="idea.version" value="15.0.1"/>
    <property name="java.runtime.name" value="OpenJDK Runtime Environment"/>
    <property name="sun.boot.library.path" value="/usr/lib/jvm/java-1.8.0-openjdk-1.8.0.65-4.b17.fc23.x86_64/jre/lib/amd64"/>
    <property name="java.vm.version" value="25.65-b01"/>
    <property name="java.vm.vendor" value="Oracle Corporation"/>
    <property name="java.vendor.url" value="http://java.oracle.com/"/>
    <property name="path.separator" value=":"/>
    <property name="guice.disable.misplaced.annotation.check" value="true"/>
    <property name="java.vm.name" value="OpenJDK 64-Bit Server VM"/>
    <property name="file.encoding.pkg" value="sun.io"/>
    <property name="idea.launcher.port" value="7533"/>
    <property name="user.country" value="KR"/>
    <property name="sun.java.launcher" value="SUN_STANDARD"/>
    <property name="sun.os.patch.level" value="unknown"/>
    <property name="java.vm.specification.name" value="Java Virtual Machine Specification"/>
    <property name="user.dir" value="/home/bylee/calcite-elasticsearch"/>
    <property name="java.runtime.version" value="1.8.0_65-b17"/>
    <property name="java.awt.graphicsenv" value="sun.awt.X11GraphicsEnvironment"/>
    <property name="java.endorsed.dirs" value="/usr/lib/jvm/java-1.8.0-openjdk-1.8.0.65-4.b17.fc23.x86_64/jre/lib/endorsed"/>
    <property name="os.arch" value="amd64"/>
    <property name="java.io.tmpdir" value="/tmp"/>
    <property name="line.separator" value="&#10;"/>
    <property name="java.vm.specification.vendor" value="Oracle Corporation"/>
    <property name="os.name" value="Linux"/>
    <property name="classworlds.conf" value="/home/bylee/idea-IC-143.382.35/plugins/maven/lib/maven3/bin/m2.conf"/>
    <property name="sun.jnu.encoding" value="UTF-8"/>
    <property name="java.library.path" value=".::/usr/java/packages/lib/amd64:/usr/lib64:/lib64:/lib:/usr/lib"/>
    <property name="java.specification.name" value="Java Platform API Specification"/>
    <property name="java.class.version" value="52.0"/>
    <property name="sun.management.compiler" value="HotSpot 64-Bit Tiered Compilers"/>
    <property name="os.version" value="4.2.3-300.fc23.x86_64"/>
    <property name="user.home" value="/home/bylee"/>
    <property name="user.timezone" value="Asia/Seoul"/>
    <property name="java.awt.printerjob" value="sun.print.PSPrinterJob"/>
    <property name="java.specification.version" value="1.8"/>
    <property name="idea.launcher.bin.path" value="/home/bylee/idea-IC-143.382.35/bin"/>
    <property name="file.encoding" value="UTF-8"/>
    <property name="user.name" value="bylee"/>
    <property name="java.class.path" value="/home/bylee/idea-IC-143.382.35/plugins/maven/lib/maven3/boot/plexus-classworlds-2.4.jar:/home/bylee/idea-IC-143.382.35/lib/idea_rt.jar"/>
    <property name="java.vm.specification.version" value="1.8"/>
    <property name="sun.arch.data.model" value="64"/>
    <property name="java.home" value="/usr/lib/jvm/java-1.8.0-openjdk-1.8.0.65-4.b17.fc23.x86_64/jre"/>
    <property name="sun.java.command" value="com.intellij.rt.execution.application.AppMain org.codehaus.classworlds.Launcher -Didea.version=15.0.1 package"/>
    <property name="java.specification.vendor" value="Oracle Corporation"/>
    <property name="user.language" value="ko"/>
    <property name="awt.toolkit" value="sun.awt.X11.XToolkit"/>
    <property name="java.vm.info" value="mixed mode"/>
    <property name="java.version" value="1.8.0_65"/>
    <property name="java.ext.dirs" value="/usr/lib/jvm/java-1.8.0-openjdk-1.8.0.65-4.b17.fc23.x86_64/jre/lib/ext:/usr/java/packages/lib/ext"/>
    <property name="securerandom.source" value="file:/dev/./urandom"/>
    <property name="sun.boot.class.path" value="/usr/lib/jvm/java-1.8.0-openjdk-1.8.0.65-4.b17.fc23.x86_64/jre/lib/resources.jar:/usr/lib/jvm/java-1.8.0-openjdk-1.8.0.65-4.b17.fc23.x86_64/jre/lib/rt.jar:/usr/lib/jvm/java-1.8.0-openjdk-1.8.0.65-4.b17.fc23.x86_64/jre/lib/sunrsasign.jar:/usr/lib/jvm/java-1.8.0-openjdk-1.8.0.65-4.b17.fc23.x86_64/jre/lib/jsse.jar:/usr/lib/jvm/java-1.8.0-openjdk-1.8.0.65-4.b17.fc23.x86_64/jre/lib/jce.jar:/usr/lib/jvm/java-1.8.0-openjdk-1.8.0.65-4.b17.fc23.x86_64/jre/lib/charsets.jar:/usr/lib/jvm/java-1.8.0-openjdk-1.8.0.65-4.b17.fc23.x86_64/jre/lib/jfr.jar:/usr/lib/jvm/java-1.8.0-openjdk-1.8.0.65-4.b17.fc23.x86_64/jre/classes"/>
    <property name="java.vendor" value="Oracle Corporation"/>
    <property name="maven.home" value="/home/bylee/idea-IC-143.382.35/plugins/maven/lib/maven3"/>
    <property name="file.separator" value="/"/>
    <property name="java.vendor.url.bug" value="http://bugreport.sun.com/bugreport/"/>
    <property name="sun.cpu.endian" value="little"/>
    <property name="sun.io.unicode.encoding" value="UnicodeLittle"/>
    <property name="sun.desktop" value="gnome"/>
    <property name="sun.cpu.isalist" value=""/>
  </properties>
  <testcase name="testStringLiteral" classname="org.apache.calcite.test.SqlValidatorTest" time="0.014"/>
  <testcase name="testValuesTypeMismatchFails" classname="org.apache.calcite.test.SqlValidatorTest" time="0.005"/>
  <testcase name="testElement" classname="org.apache.calcite.test.SqlValidatorTest" time="0.006"/>
  <testcase name="testAggregateFilterContainsAggregate" classname="org.apache.calcite.test.SqlValidatorTest" time="0.001"/>
  <testcase name="testNotIllegalTypeFails" classname="org.apache.calcite.test.SqlValidatorTest" time="0.002"/>
  <testcase name="testNaturalJoinIncompatibleDatatype" classname="org.apache.calcite.test.SqlValidatorTest" time="0.009"/>
  <testcase name="testCountFunction" classname="org.apache.calcite.test.SqlValidatorTest" time="0.003"/>
  <testcase name="testStarIdentifier" classname="org.apache.calcite.test.SqlValidatorTest" time="0.001"/>
  <testcase name="testSchemaTableStar" classname="org.apache.calcite.test.SqlValidatorTest" time="0.013"/>
  <testcase name="testWhereReference" classname="org.apache.calcite.test.SqlValidatorTest" time="0.001"/>
  <testcase name="testSumTooManyArgs" classname="org.apache.calcite.test.SqlValidatorTest" time="0.001"/>
  <testcase name="testJoinRowType" classname="org.apache.calcite.test.SqlValidatorTest" time="0.004"/>
  <testcase name="testDateTime" classname="org.apache.calcite.test.SqlValidatorTest" time="0.048"/>
  <testcase name="testCastBinaryLiteral" classname="org.apache.calcite.test.SqlValidatorTest" time="0"/>
  <testcase name="testUnquotedBuiltInFunctionNames" classname="org.apache.calcite.test.SqlValidatorTest" time="0.022"/>
  <testcase name="testMultisetSetOperators" classname="org.apache.calcite.test.SqlValidatorTest" time="0.017"/>
  <testcase name="testExtract" classname="org.apache.calcite.test.SqlValidatorTest" time="0.016"/>
  <testcase name="testTypesLiterals" classname="org.apache.calcite.test.SqlValidatorTest" time="0.013"/>
  <testcase name="testStreamGroupBy" classname="org.apache.calcite.test.SqlValidatorTest" time="0.005"/>
  <testcase name="testSumInvalidArgs" classname="org.apache.calcite.test.SqlValidatorTest" time="0.001"/>
  <testcase name="testNestedFrom" classname="org.apache.calcite.test.SqlValidatorTest" time="0.003"/>
  <testcase name="testOrderGroupDistinct" classname="org.apache.calcite.test.SqlValidatorTest" time="0.014"/>
  <testcase name="testBooleans" classname="org.apache.calcite.test.SqlValidatorTest" time="0.002"/>
  <testcase name="testJoinUsingInvalidColsFails" classname="org.apache.calcite.test.SqlValidatorTest" time="0.001"/>
  <testcase name="testWindowPartial" classname="org.apache.calcite.test.SqlValidatorTest" time="0.006"/>
  <testcase name="testOverlay" classname="org.apache.calcite.test.SqlValidatorTest" time="0.005"/>
  <testcase name="testNew" classname="org.apache.calcite.test.SqlValidatorTest" time="0"/>
  <testcase name="testRow" classname="org.apache.calcite.test.SqlValidatorTest" time="0.009"/>
  <testcase name="testCaseExpression" classname="org.apache.calcite.test.SqlValidatorTest" time="0.005"/>
  <testcase name="testCollectionTableWithCursorParam" classname="org.apache.calcite.test.SqlValidatorTest" time="0.002"/>
  <testcase name="testStringCompare" classname="org.apache.calcite.test.SqlValidatorTest" time="0.013"/>
  <testcase name="testWindowFunctions2" classname="org.apache.calcite.test.SqlValidatorTest" time="0.068"/>
  <testcase name="testInvalidGroupBy" classname="org.apache.calcite.test.SqlValidatorTest" time="0.001"/>
  <testcase name="testSchemaTableColumnInGroupBy" classname="org.apache.calcite.test.SqlValidatorTest" time="0.002"/>
  <testcase name="testGroup" classname="org.apache.calcite.test.SqlValidatorTest" time="0.009"/>
  <testcase name="testLarge" classname="org.apache.calcite.test.SqlValidatorTest" time="0.558"/>
  <testcase name="testOrder" classname="org.apache.calcite.test.SqlValidatorTest" time="0.039"/>
  <testcase name="testNullCast" classname="org.apache.calcite.test.SqlValidatorTest" time="0.018"/>
  <testcase name="testWhere" classname="org.apache.calcite.test.SqlValidatorTest" time="0.001"/>
  <testcase name="testBind" classname="org.apache.calcite.test.SqlValidatorTest" time="0.002"/>
  <testcase name="testNull" classname="org.apache.calcite.test.SqlValidatorTest" time="0.018"/>
  <testcase name="testTrim" classname="org.apache.calcite.test.SqlValidatorTest" time="0.004"/>
  <testcase name="testWith" classname="org.apache.calcite.test.SqlValidatorTest" time="0.018"/>
  <testcase name="testLexAndQuoting" classname="org.apache.calcite.test.SqlValidatorTest" time="0.001"/>
  <testcase name="testFloorCeil" classname="org.apache.calcite.test.SqlValidatorTest" time="0.004"/>
  <testcase name="testWithColumnAlias" classname="org.apache.calcite.test.SqlValidatorTest" time="0.012"/>
  <testcase name="testSubstringFails" classname="org.apache.calcite.test.SqlValidatorTest" time="0.01"/>
  <testcase name="testInvalidGroupBy2" classname="org.apache.calcite.test.SqlValidatorTest" time="0.001"/>
  <testcase name="testInvalidGroupBy3" classname="org.apache.calcite.test.SqlValidatorTest" time="0.001"/>
  <testcase name="testUnionTypeMismatchWithValuesFails" classname="org.apache.calcite.test.SqlValidatorTest" time="0.005"/>
  <testcase name="testCorrelationJoin" classname="org.apache.calcite.test.SqlValidatorTest" time="0.003"/>
  <testcase name="testIs" classname="org.apache.calcite.test.SqlValidatorTest" time="0.013"/>
  <testcase name="testOn" classname="org.apache.calcite.test.SqlValidatorTest" time="0.002"/>
  <testcase name="testCaseInsensitiveInsert" classname="org.apache.calcite.test.SqlValidatorTest" time="0.007"/>
  <testcase name="testCoalesceFails" classname="org.apache.calcite.test.SqlValidatorTest" time="0.015"/>
  <testcase name="testIntervalTimeUnitEnumeration" classname="org.apache.calcite.test.SqlValidatorTest" time="0"/>
  <testcase name="testTableExtend" classname="org.apache.calcite.test.SqlValidatorTest" time="0.002"/>
  <testcase name="testNaturalJoinWithUsing" classname="org.apache.calcite.test.SqlValidatorTest" time="0.011"/>
  <testcase name="testExplicitTable" classname="org.apache.calcite.test.SqlValidatorTest" time="0.001"/>
  <testcase name="testMonotonic" classname="org.apache.calcite.test.SqlValidatorTest" time="0.023"/>
  <testcase name="testStreamHaving" classname="org.apache.calcite.test.SqlValidatorTest" time="0.009"/>
  <testcase name="testAggregateInGroupByFails" classname="org.apache.calcite.test.SqlValidatorTest" time="0.001"/>
  <testcase name="testIntervalLiterals" classname="org.apache.calcite.test.SqlValidatorTest" time="0.367"/>
  <testcase name="testDuplicateColumnAliasIsOK" classname="org.apache.calcite.test.SqlValidatorTest" time="0"/>
  <testcase name="testNumericOperators" classname="org.apache.calcite.test.SqlValidatorTest" time="0.07"/>
  <testcase name="testQuotedFunction" classname="org.apache.calcite.test.SqlValidatorTest" time="0.001"/>
  <testcase name="testBetween" classname="org.apache.calcite.test.SqlValidatorTest" time="0.002"/>
  <testcase name="testSubMultisetOf" classname="org.apache.calcite.test.SqlValidatorTest" time="0.002"/>
  <testcase name="testUnionNameResolution" classname="org.apache.calcite.test.SqlValidatorTest" time="0.007"/>
  <testcase name="testMinusDateOperator" classname="org.apache.calcite.test.SqlValidatorTest" time="0.003"/>
  <testcase name="testCaseInsensitiveTables" classname="org.apache.calcite.test.SqlValidatorTest" time="0.004"/>
  <testcase name="testWindowClause" classname="org.apache.calcite.test.SqlValidatorTest" time="0.057"/>
  <testcase name="testInvalidWindowFunctionWithGroupBy" classname="org.apache.calcite.test.SqlValidatorTest" time="0.003"/>
  <testcase name="testUnionCountMismatcWithValuesFails" classname="org.apache.calcite.test.SqlValidatorTest" time="0.011"/>
  <testcase name="testWithOrderInParentheses" classname="org.apache.calcite.test.SqlValidatorTest" time="0.001"/>
  <testcase name="testLateral" classname="org.apache.calcite.test.SqlValidatorTest" time="0.004"/>
  <testcase name="testFieldOrigin" classname="org.apache.calcite.test.SqlValidatorTest" time="0.001"/>
  <testcase name="testWindowFunctionsWithoutOver" classname="org.apache.calcite.test.SqlValidatorTest" time="0.012"/>
  <testcase name="testGroupBySystemFunction" classname="org.apache.calcite.test.SqlValidatorTest" time="0.002"/>
  <testcase name="testAggregateFilter" classname="org.apache.calcite.test.SqlValidatorTest" time="0.001"/>
  <testcase name="testDoubleNoAlias" classname="org.apache.calcite.test.SqlValidatorTest" time="0.001"/>
  <testcase name="testGroupExpressionEquivalence" classname="org.apache.calcite.test.SqlValidatorTest" time="0.003"/>
  <testcase name="testHavingBetween" classname="org.apache.calcite.test.SqlValidatorTest" time="0.001"/>
  <testcase name="testStreamValues" classname="org.apache.calcite.test.SqlValidatorTest" time="0.008"/>
  <testcase name="testLexJava" classname="org.apache.calcite.test.SqlValidatorTest" time="0.012"/>
  <testcase name="testArithmeticOperatorsFails" classname="org.apache.calcite.test.SqlValidatorTest" time="0.005"/>
  <testcase name="testOrderDistinct" classname="org.apache.calcite.test.SqlValidatorTest" time="0.01"/>
  <testcase name="testCrossJoinUsingFails" classname="org.apache.calcite.test.SqlValidatorTest" time="0.001"/>
  <testcase name="testBinaryStringFails" classname="org.apache.calcite.test.SqlValidatorTest" time="0.013"/>
  <testcase name="testCastToInterval" classname="org.apache.calcite.test.SqlValidatorTest" time="0.009"/>
  <testcase name="testCoalesce" classname="org.apache.calcite.test.SqlValidatorTest" time="0.001"/>
  <testcase name="testJdbcFunctionCall" classname="org.apache.calcite.test.SqlValidatorTest" time="0.011"/>
  <testcase name="testOverInOrderBy" classname="org.apache.calcite.test.SqlValidatorTest" time="0.002"/>
  <testcase name="testExpandStar" classname="org.apache.calcite.test.SqlValidatorTest" time="0.002"/>
  <testcase name="testMultipleSameAsPass" classname="org.apache.calcite.test.SqlValidatorTest" time="0.004"/>
  <testcase name="testStringLiteralBroken" classname="org.apache.calcite.test.SqlValidatorTest" time="0.003"/>
  <testcase name="testLikeAndSimilar" classname="org.apache.calcite.test.SqlValidatorTest" time="0.001"/>
  <testcase name="testGroupId" classname="org.apache.calcite.test.SqlValidatorTest" time="0.022"/>
  <testcase name="testRewriteWithIdentifierExpansion" classname="org.apache.calcite.test.SqlValidatorTest" time="0"/>
  <testcase name="testCharLength" classname="org.apache.calcite.test.SqlValidatorTest" time="0.002"/>
  <testcase name="testInvalidFunction" classname="org.apache.calcite.test.SqlValidatorTest" time="0.001"/>
  <testcase name="testGroupExpressionEquivalenceLiteral" classname="org.apache.calcite.test.SqlValidatorTest" time="0.015"/>
  <testcase name="testSelectDistinct" classname="org.apache.calcite.test.SqlValidatorTest" time="0.015"/>
  <testcase name="testCaseInsensitive" classname="org.apache.calcite.test.SqlValidatorTest" time="0.01"/>
  <testcase name="testOrderGroup" classname="org.apache.calcite.test.SqlValidatorTest" time="0.006"/>
  <testcase name="testRecordType" classname="org.apache.calcite.test.SqlValidatorTest" time="0.001"/>
  <testcase name="testOrderUnion" classname="org.apache.calcite.test.SqlValidatorTest" time="0.005"/>
  <testcase name="testTypeOfAs" classname="org.apache.calcite.test.SqlValidatorTest" time="0.001"/>
  <testcase name="testArithmeticOperators" classname="org.apache.calcite.test.SqlValidatorTest" time="0.002"/>
  <testcase name="testAsColumnList" classname="org.apache.calcite.test.SqlValidatorTest" time="0.002"/>
  <testcase name="testMemberOf" classname="org.apache.calcite.test.SqlValidatorTest" time="0.001"/>
  <testcase name="testWindowClauseWithSubquery" classname="org.apache.calcite.test.SqlValidatorTest" time="0.002"/>
  <testcase name="testMinMaxFunctions" classname="org.apache.calcite.test.SqlValidatorTest" time="0.002"/>
  <testcase name="testCrossJoinOnFails" classname="org.apache.calcite.test.SqlValidatorTest" time="0"/>
  <testcase name="testConcatWithCharset" classname="org.apache.calcite.test.SqlValidatorTest" time="0.005"/>
  <testcase name="testWindowClause2" classname="org.apache.calcite.test.SqlValidatorTest" time="0"/>
  <testcase name="testTrimFails" classname="org.apache.calcite.test.SqlValidatorTest" time="0.002"/>
  <testcase name="testJoinUsing" classname="org.apache.calcite.test.SqlValidatorTest" time="0.003"/>
  <testcase name="testCardinality" classname="org.apache.calcite.test.SqlValidatorTest" time="0.001"/>
  <testcase name="testRecordTypeElided" classname="org.apache.calcite.test.SqlValidatorTest" time="0"/>
  <testcase name="testStreamUnionAll" classname="org.apache.calcite.test.SqlValidatorTest" time="0.003"/>
  <testcase name="testConcatFails" classname="org.apache.calcite.test.SqlValidatorTest" time="0.001"/>
  <testcase name="testOrderJoin" classname="org.apache.calcite.test.SqlValidatorTest" time="0.001"/>
  <testcase name="testWindowNegative" classname="org.apache.calcite.test.SqlValidatorTest" time="0.005"/>
  <testcase name="testAndOrIllegalTypesFails" classname="org.apache.calcite.test.SqlValidatorTest" time="0.002"/>
  <testcase name="testJoinUsingIncompatibleDatatype" classname="org.apache.calcite.test.SqlValidatorTest" time="0.001"/>
  <testcase name="testNaturalJoinWithOnFails" classname="org.apache.calcite.test.SqlValidatorTest" time="0.001"/>
  <testcase name="testScalarsFails" classname="org.apache.calcite.test.SqlValidatorTest" time="0.001"/>
  <testcase name="testCaseExpressionFails" classname="org.apache.calcite.test.SqlValidatorTest" time="0.002"/>
  <testcase name="testCaseExpressionTypes" classname="org.apache.calcite.test.SqlValidatorTest" time="0.003"/>
  <testcase name="testCoalesceWithRewrite" classname="org.apache.calcite.test.SqlValidatorTest" time="0.001"/>
  <testcase name="testWithOrderAgg" classname="org.apache.calcite.test.SqlValidatorTest" time="0.002"/>
  <testcase name="testNameResolutionInValuesClause" classname="org.apache.calcite.test.SqlValidatorTest" time="0.008"/>
  <testcase name="testAggregateInOrderByFails" classname="org.apache.calcite.test.SqlValidatorTest" time="0.001"/>
  <testcase name="testCaseInsensitiveSubQuery" classname="org.apache.calcite.test.SqlValidatorTest" time="0.002"/>
  <testcase name="testCollect" classname="org.apache.calcite.test.SqlValidatorTest" time="0.001"/>
  <testcase name="testGroupingId" classname="org.apache.calcite.test.SqlValidatorTest" time="0.015"/>
  <testcase name="testFunctionalDistinct" classname="org.apache.calcite.test.SqlValidatorTest" time="0.001"/>
  <testcase name="testSumTooFewArgs" classname="org.apache.calcite.test.SqlValidatorTest" time="0.001"/>
  <testcase name="testOneWinFunc" classname="org.apache.calcite.test.SqlValidatorTest" time="0"/>
  <testcase name="testBrackets" classname="org.apache.calcite.test.SqlValidatorTest" time="0.007"/>
  <testcase name="testLastFunction" classname="org.apache.calcite.test.SqlValidatorTest" time="0.002"/>
  <testcase name="testNaturalCrossJoinFails" classname="org.apache.calcite.test.SqlValidatorTest" time="0"/>
  <testcase name="testCubeBitSets" classname="org.apache.calcite.test.SqlValidatorTest" time="0"/>
  <testcase name="testIntervalMillisConversion" classname="org.apache.calcite.test.SqlValidatorTest" time="0.003"/>
  <testcase name="testAmbiguousColumn" classname="org.apache.calcite.test.SqlValidatorTest" time="0.006"/>
  <testcase name="testCollectionTable" classname="org.apache.calcite.test.SqlValidatorTest" time="0.001"/>
  <testcase name="testLexJavaKeyword" classname="org.apache.calcite.test.SqlValidatorTest" time="0.005"/>
  <testcase name="testEqualNotEqualFails" classname="org.apache.calcite.test.SqlValidatorTest" time="0.003"/>
  <testcase name="testGroupingSets" classname="org.apache.calcite.test.SqlValidatorTest" time="0.002"/>
  <testcase name="testStreamWhere" classname="org.apache.calcite.test.SqlValidatorTest" time="0.002"/>
  <testcase name="testFromReferenceFails" classname="org.apache.calcite.test.SqlValidatorTest" time="0.001"/>
  <testcase name="testRowtype" classname="org.apache.calcite.test.SqlValidatorTest" time="0.002"/>
  <testcase name="testBinaryString" classname="org.apache.calcite.test.SqlValidatorTest" time="0"/>
  <testcase name="testStructuredTypes" classname="org.apache.calcite.test.SqlValidatorTest" time="0.001"/>
  <testcase name="testCountCompositeFunction" classname="org.apache.calcite.test.SqlValidatorTest" time="0.007"/>
  <testcase name="testScalarSubQuery" classname="org.apache.calcite.test.SqlValidatorTest" time="0.004"/>
  <testcase name="testUnionTypeMismatchFails" classname="org.apache.calcite.test.SqlValidatorTest" time="0.001"/>
  <testcase name="testNonLocalStar" classname="org.apache.calcite.test.SqlValidatorTest" time="0.011"/>
  <testcase name="testStreamOrderBy" classname="org.apache.calcite.test.SqlValidatorTest" time="0.003"/>
  <testcase name="testInSubquery" classname="org.apache.calcite.test.SqlValidatorTest" time="0.001"/>
  <testcase name="testSubstring" classname="org.apache.calcite.test.SqlValidatorTest" time="0.004"/>
  <testcase name="testCorrelatingVariables" classname="org.apache.calcite.test.SqlValidatorTest" time="0.001"/>
  <testcase name="testJoinUsingThreeWay" classname="org.apache.calcite.test.SqlValidatorTest" time="0.001"/>
  <testcase name="testGroupAgg" classname="org.apache.calcite.test.SqlValidatorTest" time="0.001"/>
  <testcase name="testGrouping" classname="org.apache.calcite.test.SqlValidatorTest" time="0.011"/>
  <testcase name="testOverlaps" classname="org.apache.calcite.test.SqlValidatorTest" time="0.006"/>
  <testcase name="testConcat" classname="org.apache.calcite.test.SqlValidatorTest" time="0.012"/>
  <testcase name="testFusion" classname="org.apache.calcite.test.SqlValidatorTest" time="0.001"/>
  <testcase name="testMultiset" classname="org.apache.calcite.test.SqlValidatorTest" time="0.003"/>
  <testcase name="testHaving" classname="org.apache.calcite.test.SqlValidatorTest" time="0.002"/>
  <testcase name="testRewriteWithColumnReferenceExpansionAndFromAlias" classname="org.apache.calcite.test.SqlValidatorTest" time="0.001"/>
  <testcase name="testInnerJoinWithoutUsingOrOnFails" classname="org.apache.calcite.test.SqlValidatorTest" time="0.001"/>
  <testcase name="testInList" classname="org.apache.calcite.test.SqlValidatorTest" time="0.007"/>
  <testcase name="testInsert" classname="org.apache.calcite.test.SqlValidatorTest" time="0.001"/>
  <testcase name="testIsASet" classname="org.apache.calcite.test.SqlValidatorTest" time="0.001"/>
  <testcase name="testGroupExpressionEquivalenceId" classname="org.apache.calcite.test.SqlValidatorTest" time="0.003"/>
  <testcase name="testPosition" classname="org.apache.calcite.test.SqlValidatorTest" time="0.001"/>
  <testcase name="testAggregateInNonGroupBy" classname="org.apache.calcite.test.SqlValidatorTest" time="0.002"/>
  <testcase name="testDateCompare" classname="org.apache.calcite.test.SqlValidatorTest" time="0.007"/>
  <testcase name="testWithSubquery" classname="org.apache.calcite.test.SqlValidatorTest" time="0.007"/>
  <testcase name="testRewriteWithoutIdentifierExpansion" classname="org.apache.calcite.test.SqlValidatorTest" time="0"/>
  <testcase name="testScalars" classname="org.apache.calcite.test.SqlValidatorTest" time="0.009"/>
  <testcase name="testInlineWinDef" classname="org.apache.calcite.test.SqlValidatorTest" time="0.023"/>
  <testcase name="testUnionCountMismatchFails" classname="org.apache.calcite.test.SqlValidatorTest" time="0.001"/>
  <testcase name="testWithOrder" classname="org.apache.calcite.test.SqlValidatorTest" time="0.001"/>
  <testcase name="testSchemaTableColumn" classname="org.apache.calcite.test.SqlValidatorTest" time="0.01"/>
  <testcase name="testPartitionByExpr" classname="org.apache.calcite.test.SqlValidatorTest" time="0.001"/>
  <testcase name="testWithUnion" classname="org.apache.calcite.test.SqlValidatorTest" time="0.001"/>
  <testcase name="testGroupByCorrelatedColumn" classname="org.apache.calcite.test.SqlValidatorTest" time="0"/>
  <testcase name="testNullIf" classname="org.apache.calcite.test.SqlValidatorTest" time="0.002"/>
  <testcase name="testStarInFromFails" classname="org.apache.calcite.test.SqlValidatorTest" time="0.006"/>
  <testcase name="testPrefix" classname="org.apache.calcite.test.SqlValidatorTest" time="0.001"/>
  <testcase name="testDateTimeCast" classname="org.apache.calcite.test.SqlValidatorTest" time="0.002"/>
  <testcase name="testIsFails" classname="org.apache.calcite.test.SqlValidatorTest" time="0.002"/>
  <testcase name="testRollup" classname="org.apache.calcite.test.SqlValidatorTest" time="0.008"/>
  <testcase name="testIntervalOperators" classname="org.apache.calcite.test.SqlValidatorTest" time="0.008"/>
  <testcase name="testSample" classname="org.apache.calcite.test.SqlValidatorTest" time="0.01"/>
  <testcase name="testJoinUsingDupColsFails" classname="org.apache.calcite.test.SqlValidatorTest" time="0.001"/>
  <testcase name="testStandardOperatorNamesAreUpperCase" classname="org.apache.calcite.test.SqlValidatorTest" time="0"/>
  <testcase name="testStream" classname="org.apache.calcite.test.SqlValidatorTest" time="0.001"/>
  <testcase name="testCastFails" classname="org.apache.calcite.test.SqlValidatorTest" time="0.005"/>
  <testcase name="testWindowFunctions" classname="org.apache.calcite.test.SqlValidatorTest" time="0.003"/>
  <testcase name="testCubeGrouping" classname="org.apache.calcite.test.SqlValidatorTest" time="0.001"/>
  <testcase name="testSingleNoAlias" classname="org.apache.calcite.test.SqlValidatorTest" time="0"/>
  <testcase name="testRewriteWithColumnReferenceExpansion" classname="org.apache.calcite.test.SqlValidatorTest" time="0.001"/>
  <testcase name="testUnnest" classname="org.apache.calcite.test.SqlValidatorTest" time="0.013"/>
  <testcase name="testDuplicateTableAliasFails" classname="org.apache.calcite.test.SqlValidatorTest" time="0.004"/>
  <testcase name="testJoinSubquery" classname="org.apache.calcite.test.SqlValidatorTest" time="0">
    <skipped message="bug: should fail if subquery does not have alias"/>
  </testcase>
  <testcase name="testObscuredAliasFails" classname="org.apache.calcite.test.SqlValidatorTest" time="0.001"/>
  <testcase name="testRollupBitSets" classname="org.apache.calcite.test.SqlValidatorTest" time="0"/>
  <testcase name="testPartitionByColumnInJoinAlias" classname="org.apache.calcite.test.SqlValidatorTest" time="0.001"/>
  <testcase name="testNestedAggFails" classname="org.apache.calcite.test.SqlValidatorTest" time="0.006"/>
  <testcase name="testUpperLower" classname="org.apache.calcite.test.SqlValidatorTest" time="0.001"/>
  <testcase name="testMultipleDifferentAs" classname="org.apache.calcite.test.SqlValidatorTest" time="0"/>
  <testcase name="testNumbers" classname="org.apache.calcite.test.SqlValidatorTest" time="0.001"/>
  <testcase name="testAggregateFilterNotBoolean" classname="org.apache.calcite.test.SqlValidatorTest" time="0"/>
  <testcase name="testStringCompareType" classname="org.apache.calcite.test.SqlValidatorTest" time="0.008"/>
  <testcase name="testCoalesceWithoutRewrite" classname="org.apache.calcite.test.SqlValidatorTest" time="0.001"/>
  <testcase name="testCharsetMismatch" classname="org.apache.calcite.test.SqlValidatorTest" time="0.003"/>
  <testcase name="testOverInPartitionBy" classname="org.apache.calcite.test.SqlValidatorTest" time="0.001"/>
  <testcase name="testGroupExpressionEquivalenceStringLiteral" classname="org.apache.calcite.test.SqlValidatorTest" time="0.002"/>
  <testcase name="testUnionTypeMismatchWithStarFails" classname="org.apache.calcite.test.SqlValidatorTest" time="0.001"/>
  <testcase name="testAggregateFilterInHaving" classname="org.apache.calcite.test.SqlValidatorTest" time="0.001"/>
  <testcase name="testIntervalMonthsConversion" classname="org.apache.calcite.test.SqlValidatorTest" time="0.001"/>
  <testcase name="testStarAliasFails" classname="org.apache.calcite.test.SqlValidatorTest" time="0"/>
  <testcase name="testEqualNotEqual" classname="org.apache.calcite.test.SqlValidatorTest" time="0.006"/>
  <testcase name="testStarDotIdFails" classname="org.apache.calcite.test.SqlValidatorTest" time="0.001"/>
  <testcase name="testCastTypeToType" classname="org.apache.calcite.test.SqlValidatorTest" time="0.017"/>
  <testcase name="testIntervalCompare" classname="org.apache.calcite.test.SqlValidatorTest" time="0.003"/>
</testsuite>